[INFO][rabbitmq.go:122]2019/07/02 10:19:17.877765 D:/go/go_demo/src/strategy_middle/logging/log.go:50: [ rabbitmq:[*] Waiting for messages. ]
[INFO][rabbitmq.go:122]2019/07/02 10:22:16.379444 D:/go/go_demo/src/strategy_middle/logging/log.go:50: [ rabbitmq:[*] Waiting for messages. ]
[INFO][mutual_strategy.go:36]2019/07/02 10:22:24.112452 D:/go/go_demo/src/strategy_middle/logging/log.go:50: [alldata]
[INFO][rabbitmq.go:122]2019/07/02 10:23:25.440073 D:/go/go_demo/src/strategy_middle/logging/log.go:50: [ rabbitmq:[*] Waiting for messages. ]
[INFO][rabbitmq.go:122]2019/07/02 10:26:36.538952 D:/go/go_demo/src/strategy_middle/logging/log.go:50: [ rabbitmq:[*] Waiting for messages. ]
[INFO][rabbitmq.go:122]2019/07/02 10:28:51.285050 D:/go/go_demo/src/strategy_middle/logging/log.go:50: [ rabbitmq:[*] Waiting for messages. ]
[INFO][rabbitmq.go:122]2019/07/02 10:30:07.581728 D:/go/go_demo/src/strategy_middle/logging/log.go:50: [ rabbitmq:[*] Waiting for messages. ]
[INFO][mutual_strategy.go:39]2019/07/02 10:30:10.631001 D:/go/go_demo/src/strategy_middle/logging/log.go:50: [Get_Stra_DataAll()]
[INFO][rabbitmq.go:122]2019/07/02 10:31:44.835024 D:/go/go_demo/src/strategy_middle/logging/log.go:50: [ rabbitmq:[*] Waiting for messages. ]
[INFO][rabbitmq.go:122]2019/07/02 10:33:07 [ rabbitmq:[*] Waiting for messages. ]
[INFO][rabbitmq.go:122]2019/07/02 10:38:19 [ rabbitmq:[*] Waiting for messages. ]
[INFO][rabbitmq.go:122]2019/07/02 10:39:30 [ rabbitmq:[*] Waiting for messages. ]
[ERROR][mongodb.go:52]2019/07/02 10:39:32 [server returned error on SASL authentication step: Authentication failed.]
[INFO][rabbitmq.go:122]2019/07/02 10:40:27 [ rabbitmq:[*] Waiting for messages. ]
[ERROR][mongodb.go:52]2019/07/02 10:40:29 [mongodb: server returned error on SASL authentication step: Authentication failed.]
[INFO][rabbitmq.go:122]2019/07/02 10:41:52 [ rabbitmq:[*] Waiting for messages. ]
[INFO][mongodb.go:47]2019/07/02 10:41:56 [192.168.18.23:27017 strategy_middle dev shangyi123]
[ERROR][mongodb.go:53]2019/07/02 10:41:56 [mongodb: server returned error on SASL authentication step: Authentication failed.]
[INFO][rabbitmq.go:122]2019/07/02 10:42:46 [ rabbitmq:[*] Waiting for messages. ]
[INFO][mongodb.go:47]2019/07/02 10:42:48 [192.168.18.23:27017 strategy_middle admin shangyi123]
[ERROR][mongodb.go:53]2019/07/02 10:42:48 [mongodb: server returned error on SASL authentication step: Authentication failed.]
[INFO][rabbitmq.go:122]2019/07/02 10:44:39 [ rabbitmq:[*] Waiting for messages. ]
[INFO][mongodb.go:47]2019/07/02 10:44:41 [192.168.18.23:27017 admin dev shangyi123]
[FATAL][mongodb.go:106]2019/07/02 10:44:41 [not authorized on admin to execute command { find: "strategy_info", skip: 0, $readPreference: { mode: "secondaryPreferred" }, $db: "admin" }]
[INFO][rabbitmq.go:122]2019/07/02 10:45:07 [ rabbitmq:[*] Waiting for messages. ]
[INFO][mongodb.go:47]2019/07/02 10:45:13 [192.168.18.23:27017 admin dev shangyi123]
[FATAL][mongodb.go:106]2019/07/02 10:45:13 [not authorized on admin to execute command { find: "strategy_info", skip: 0, $readPreference: { mode: "secondaryPreferred" }, $db: "admin" }]
[INFO][rabbitmq.go:122]2019/07/02 10:46:27 [ rabbitmq:[*] Waiting for messages. ]
[INFO][mongodb.go:47]2019/07/02 10:46:30 [192.168.18.23:27017 strategy_middle dev shangyi123]
[ERROR][mongodb.go:53]2019/07/02 10:46:30 [mongodb: server returned error on SASL authentication step: Authentication failed.]
[INFO][rabbitmq.go:122]2019/07/02 10:50:14 [ rabbitmq:[*] Waiting for messages. ]
[INFO][mongodb.go:47]2019/07/02 10:50:16 [192.168.18.16:27017 test jlzhou jlzhou]
[INFO][mutual_strategy.go:38]2019/07/02 10:50:16 [0xc0001b95f0]
[INFO][mutual_strategy.go:39]2019/07/02 10:50:16 [111111111]
[INFO][rabbitmq.go:122]2019/07/02 10:50:49 [ rabbitmq:[*] Waiting for messages. ]
[INFO][mongodb.go:47]2019/07/02 10:50:53 [192.168.18.23:27017 strategy_middle dev shangyi123]
[ERROR][mongodb.go:53]2019/07/02 10:50:53 [mongodb: server returned error on SASL authentication step: Authentication failed.]
[INFO][rabbitmq.go:122]2019/07/02 10:53:12 [ rabbitmq:[*] Waiting for messages. ]
[INFO][mongodb.go:47]2019/07/02 10:53:13 [192.168.18.23:27017 admin dev shangyi123]
[INFO][mutual_strategy.go:38]2019/07/02 10:53:13 [0xc0002543f0]
[INFO][mutual_strategy.go:39]2019/07/02 10:53:13 [111111111]
[INFO][rabbitmq.go:122]2019/07/02 10:54:41 [ rabbitmq:[*] Waiting for messages. ]
[INFO][mongodb.go:47]2019/07/02 10:54:58 [192.168.18.23:27017 admin dev shangyi123]
[FATAL][mutual_strategy.go:21]2019/07/02 10:54:58 [not authorized on admin to execute command { find: "strategy_info", skip: 0, $readPreference: { mode: "secondaryPreferred" }, $db: "admin" }]
[INFO][rabbitmq.go:122]2019/07/02 10:55:42 [ rabbitmq:[*] Waiting for messages. ]
[INFO][mongodb.go:47]2019/07/02 10:55:44 [192.168.18.23:27017 admin dev shangyi123]
[ERROR][mutual_strategy.go:22]2019/07/02 10:55:44 [not authorized on admin to execute command { find: "strategy_info", skip: 0, $readPreference: { mode: "secondaryPreferred" }, $db: "admin" }]
[INFO][mutual_strategy.go:24]2019/07/02 10:55:44 [[]]
[INFO][mutual_strategy.go:39]2019/07/02 10:55:44 [[]]
[INFO][mutual_strategy.go:40]2019/07/02 10:55:44 [111111111]
[INFO][rabbitmq.go:122]2019/07/02 10:56:49 [ rabbitmq:[*] Waiting for messages. ]
[INFO][mongodb.go:47]2019/07/02 10:56:54 [192.168.18.23:27017 admin admin shangyi123]
[ERROR][mongodb.go:53]2019/07/02 10:56:54 [mongodb: server returned error on SASL authentication step: Authentication failed.]
[INFO][rabbitmq.go:122]2019/07/02 10:58:02 [ rabbitmq:[*] Waiting for messages. ]
[INFO][mongodb.go:47]2019/07/02 10:58:05 [192.168.18.23:27017 admin admin Shangyi*997]
[INFO][mutual_strategy.go:24]2019/07/02 10:58:05 [[]]
[INFO][mutual_strategy.go:39]2019/07/02 10:58:05 [[]]
[INFO][mutual_strategy.go:40]2019/07/02 10:58:05 [111111111]
[INFO][rabbitmq.go:122]2019/07/02 11:00:44 [ rabbitmq:[*] Waiting for messages. ]
[INFO][mongodb.go:47]2019/07/02 11:00:51 [192.168.18.23:27017 admin admin Shangyi*997]
[INFO][mutual_strategy.go:25]2019/07/02 11:00:51 [[]]
[INFO][mutual_strategy.go:40]2019/07/02 11:00:51 [[]]
[INFO][mutual_strategy.go:41]2019/07/02 11:00:51 [111111111]
[INFO][rabbitmq.go:122]2019/07/02 11:01:35 [ rabbitmq:[*] Waiting for messages. ]
[INFO][mongodb.go:47]2019/07/02 11:01:37 [192.168.18.23:27017 admin admin Shangyi*997]
[INFO][mutual_strategy.go:25]2019/07/02 11:01:37 [[]]
[INFO][mutual_strategy.go:40]2019/07/02 11:01:37 [[]]
[INFO][mutual_strategy.go:41]2019/07/02 11:01:37 [111111111]
[INFO][rabbitmq.go:122]2019/07/02 11:04:07 [ rabbitmq:[*] Waiting for messages. ]
[INFO][mongodb.go:47]2019/07/02 11:04:10 [192.168.18.23:27017 admin admin Shangyi*997]
[INFO][mutual_strategy.go:25]2019/07/02 11:04:10 [[]]
[INFO][mutual_strategy.go:40]2019/07/02 11:04:10 [[]]
[INFO][mutual_strategy.go:41]2019/07/02 11:04:10 [111111111]
[INFO][rabbitmq.go:122]2019/07/02 11:05:02 [ rabbitmq:[*] Waiting for messages. ]
[INFO][mongodb.go:47]2019/07/02 11:05:03 [192.168.18.23:27017 admin admin Shangyi*997]
[INFO][mutual_strategy.go:25]2019/07/02 11:05:03 [[]]
[INFO][mutual_strategy.go:40]2019/07/02 11:05:03 [[]]
[INFO][mutual_strategy.go:41]2019/07/02 11:05:03 [111111111]
[INFO][rabbitmq.go:122]2019/07/02 11:05:41 [ rabbitmq:[*] Waiting for messages. ]
[INFO][mongodb.go:47]2019/07/02 11:05:45 [192.168.18.23:27017 admin admin Shangyi*997]
[INFO][mutual_strategy.go:25]2019/07/02 11:05:45 [[]]
[INFO][mutual_strategy.go:40]2019/07/02 11:05:45 [[]]
[INFO][mutual_strategy.go:41]2019/07/02 11:05:45 [111111111]
[INFO][rabbitmq.go:122]2019/07/02 11:07:19 [ rabbitmq:[*] Waiting for messages. ]
[INFO][mongodb.go:47]2019/07/02 11:07:21 [192.168.18.23:27017 admin admin Shangyi*997]
[ERROR][mutual_strategy.go:24]2019/07/02 11:07:21 [not found]
[INFO][mutual_strategy.go:26]2019/07/02 11:07:21 [{0   0001-01-01 00:00:00 +0000 UTC 0001-01-01 00:00:00 +0000 UTC }]
[INFO][mutual_strategy.go:41]2019/07/02 11:07:21 [{0   0001-01-01 00:00:00 +0000 UTC 0001-01-01 00:00:00 +0000 UTC }]
[INFO][mutual_strategy.go:42]2019/07/02 11:07:21 [111111111]
[INFO][rabbitmq.go:122]2019/07/02 11:13:14 [ rabbitmq:[*] Waiting for messages. ]
[INFO][mongodb.go:47]2019/07/02 11:13:16 [192.168.18.23:27017 admin admin Shangyi*997]
[INFO][mongodb.go:108]2019/07/02 11:13:16 [[]]
[INFO][mongodb.go:47]2019/07/02 11:13:16 [192.168.18.23:27017 admin admin Shangyi*997]
[ERROR][mutual_strategy.go:24]2019/07/02 11:13:16 [not found]
[INFO][mutual_strategy.go:26]2019/07/02 11:13:16 [{0   0001-01-01 00:00:00 +0000 UTC 0001-01-01 00:00:00 +0000 UTC }]
[INFO][mutual_strategy.go:41]2019/07/02 11:13:16 [{0   0001-01-01 00:00:00 +0000 UTC 0001-01-01 00:00:00 +0000 UTC }]
[INFO][mutual_strategy.go:42]2019/07/02 11:13:16 [111111111]
[INFO][rabbitmq.go:122]2019/07/02 11:18:10 [ rabbitmq:[*] Waiting for messages. ]
[INFO][mongodb.go:47]2019/07/02 11:18:18 [192.168.18.23:27017 admin admin Shangyi*997]
[INFO][mongodb.go:108]2019/07/02 11:18:18 [[{1 止损算法实例1 止损算法 2019-07-02 01:16:11.238 +0800 CST 2019-07-02 01:16:11.238 +0800 CST Canceled}]]
[INFO][mongodb.go:47]2019/07/02 11:18:18 [192.168.18.23:27017 admin admin Shangyi*997]
[INFO][mutual_strategy.go:26]2019/07/02 11:18:18 [{1 止损算法实例1 止损算法 2019-07-02 01:16:11.238 +0800 CST 2019-07-02 01:16:11.238 +0800 CST Canceled}]
[INFO][mutual_strategy.go:41]2019/07/02 11:18:18 [{1 止损算法实例1 止损算法 2019-07-02 01:16:11.238 +0800 CST 2019-07-02 01:16:11.238 +0800 CST Canceled}]
[INFO][mutual_strategy.go:42]2019/07/02 11:18:18 [111111111]
[INFO][rabbitmq.go:122]2019/07/02 11:21:12 [ rabbitmq:[*] Waiting for messages. ]
[INFO][mongodb.go:47]2019/07/02 11:21:18 [192.168.18.23:27017 admin admin Shangyi*997]
[INFO][rabbitmq.go:122]2019/07/02 11:28:29 [ rabbitmq:[*] Waiting for messages. ]
[INFO][mongodb.go:47]2019/07/02 11:28:32 [192.168.18.23:27017 strategy_middle dev Shangyi*997]
[ERROR][mongodb.go:53]2019/07/02 11:28:32 [mongodb: server returned error on SASL authentication step: Authentication failed.]
[INFO][rabbitmq.go:122]2019/07/02 11:29:18 [ rabbitmq:[*] Waiting for messages. ]
[INFO][mongodb.go:47]2019/07/02 11:29:42 [192.168.18.23:27017 strategy_middle dev shangyi123]
[INFO][rabbitmq.go:122]2019/07/02 11:32:16 [ rabbitmq:[*] Waiting for messages. ]
[INFO][mongodb.go:47]2019/07/02 11:32:20 [192.168.18.23:27017 strategy_middle strategy_middle dev shangyi123]
[INFO][rabbitmq.go:122]2019/07/02 11:39:33 [ rabbitmq:[*] Waiting for messages. ]
[INFO][mongodb.go:47]2019/07/02 11:39:36 [192.168.18.23:27017 strategy_middle strategy_middle dev shangyi123]
[INFO][mutual_strategy.go:26]2019/07/02 11:39:36 [[{1 止损算法实例1 止损算法 2019-07-02 01:16:11.238 +0800 CST 2019-07-02 01:16:11.238 +0800 CST Canceled}]]
[INFO][mutual_strategy.go:40]2019/07/02 11:39:36 [[{1 止损算法实例1 止损算法 2019-07-02 01:16:11.238 +0800 CST 2019-07-02 01:16:11.238 +0800 CST Canceled}]]
[INFO][rabbitmq.go:122]2019/07/02 13:59:14 [ rabbitmq:[*] Waiting for messages. ]
[INFO][mongodb.go:47]2019/07/02 13:59:19 [192.168.18.23:27017 strategy_middle strategy_middle dev shangyi123]
[INFO][rabbitmq.go:122]2019/07/02 14:00:17 [ rabbitmq:[*] Waiting for messages. ]
[INFO][mongodb.go:47]2019/07/02 14:00:20 [192.168.18.23:27017 strategy_middle strategy_middle dev shangyi123]
[INFO][mutual_strategy.go:42]2019/07/02 14:00:20 [[{1 止损算法实例1 止损算法 2019-07-02 13:43:15.154 +0800 CST 2019-07-02 13:43:15.154 +0800 CST Cancels}]]
[INFO][rabbitmq.go:122]2019/07/02 14:08:29 [ rabbitmq:[*] Waiting for messages. ]
[INFO][mongodb.go:47]2019/07/02 14:08:32 [192.168.18.23:27017 strategy_middle strategy_middle dev shangyi123]
[INFO][mutual_strategy.go:42]2019/07/02 14:08:32 [[{1 止损算法实例1 止损算法 0xc000184520 jlzhou 2019-07-02 13:43:15.154 +0800 CST 2019-07-02 13:43:15.154 +0800 CST Cancels}]]
[INFO][rabbitmq.go:122]2019/07/02 15:04:29 [ rabbitmq:[*] Waiting for messages. ]
[INFO][mongodb.go:47]2019/07/02 15:04:33 [192.168.18.23:27017 strategy_middle strategy_middle dev shangyi123]
[INFO][mutual_strategy.go:52]2019/07/02 15:04:33 [0xc0000f0e00]
[INFO][rabbitmq.go:122]2019/07/02 15:12:34 [ rabbitmq:[*] Waiting for messages. ]
[INFO][mutual_strategy.go:53]2019/07/02 15:14:21 [0xc0002a6000]
[INFO][rabbitmq.go:122]2019/07/02 15:14:49 [ rabbitmq:[*] Waiting for messages. ]
[INFO][mutual_strategy.go:53]2019/07/02 15:14:54 [<nil>]
[INFO][rabbitmq.go:122]2019/07/02 15:15:49 [ rabbitmq:[*] Waiting for messages. ]
[INFO][mutual_strategy.go:53]2019/07/02 15:15:51 [<nil>]
[INFO][rabbitmq.go:122]2019/07/02 15:16:42 [ rabbitmq:[*] Waiting for messages. ]
[INFO][mutual_strategy.go:53]2019/07/02 15:16:44 [<nil>]
[INFO][rabbitmq.go:122]2019/07/02 15:17:09 [ rabbitmq:[*] Waiting for messages. ]
[INFO][mutual_strategy.go:53]2019/07/02 15:17:11 [<nil>]
[INFO][rabbitmq.go:122]2019/07/02 15:18:14 [ rabbitmq:[*] Waiting for messages. ]
[INFO][mutual_strategy.go:53]2019/07/02 15:18:14 [<nil>]
[INFO][rabbitmq.go:122]2019/07/02 15:20:05 [ rabbitmq:[*] Waiting for messages. ]
[INFO][mutual_strategy.go:55]2019/07/02 15:20:07 [[{1 止损算法实例1 止损算法 0xc000182940 jlzhou 2019-07-02 13:43:15.154 +0800 CST 2019-07-02 13:43:15.154 +0800 CST Cancels}]]
[INFO][rabbitmq.go:122]2019/07/02 15:28:23 [ rabbitmq:[*] Waiting for messages. ]
[ERROR][mutual_strategy.go:53]2019/07/02 15:28:27 [0xc00020c200]
[INFO][rabbitmq.go:122]2019/07/02 15:33:22 [ rabbitmq:[*] Waiting for messages. ]
[ERROR][mutual_strategy.go:53]2019/07/02 15:33:24 [0xc000262100]
[INFO][rabbitmq.go:122]2019/07/02 15:42:17 [ rabbitmq:[*] Waiting for messages. ]
[INFO][mutual_strategy.go:56]2019/07/02 15:42:20 [0xc0001ae500]
[INFO][mutual_strategy.go:57]2019/07/02 15:42:20 [*mgo.Query]
[INFO][rabbitmq.go:122]2019/07/02 15:43:31 [ rabbitmq:[*] Waiting for messages. ]
[INFO][mutual_strategy.go:56]2019/07/02 15:43:33 [0xc0001b0300]
[INFO][rabbitmq.go:122]2019/07/02 15:44:41 [ rabbitmq:[*] Waiting for messages. ]
[INFO][mutual_strategy.go:56]2019/07/02 15:44:44 [0xc000218400]
[INFO][rabbitmq.go:122]2019/07/02 15:45:47 [ rabbitmq:[*] Waiting for messages. ]
[INFO][mutual_strategy.go:56]2019/07/02 15:45:50 [0xc000262100]
[INFO][mutual_strategy.go:57]2019/07/02 15:45:50 []
[INFO][rabbitmq.go:122]2019/07/02 15:47:10 [ rabbitmq:[*] Waiting for messages. ]
[INFO][mutual_strategy.go:56]2019/07/02 15:47:13 [0xc000202400]
[INFO][mutual_strategy.go:57]2019/07/02 15:47:13 [<*mgo.Query Value>]
[INFO][rabbitmq.go:122]2019/07/02 15:53:02 [ rabbitmq:[*] Waiting for messages. ]
[INFO][rabbitmq.go:122]2019/07/02 15:54:11 [ rabbitmq:[*] Waiting for messages. ]
[INFO][mutual_strategy.go:55]2019/07/02 15:54:14 [*mgo.Query]
[INFO][mutual_strategy.go:64]2019/07/02 15:54:14 [0xc000268000]
[INFO][mutual_strategy.go:65]2019/07/02 15:54:14 [<*mgo.Query Value>]
[INFO][rabbitmq.go:122]2019/07/02 17:20:26 [ rabbitmq:[*] Waiting for messages. ]
[INFO][mutual_strategy.go:55]2019/07/02 17:20:31 [*mgo.Query]
[INFO][mutual_strategy.go:64]2019/07/02 17:20:31 [0xc0000ceb00]
[INFO][mutual_strategy.go:65]2019/07/02 17:20:31 [<*mgo.Query Value>]
[INFO][rabbitmq.go:122]2019/07/02 17:21:07 [ rabbitmq:[*] Waiting for messages. ]
[INFO][mutual_strategy.go:55]2019/07/02 17:21:09 [*mgo.Query]
[INFO][mutual_strategy.go:64]2019/07/02 17:21:09 [0xc0001b2100]
[INFO][mutual_strategy.go:65]2019/07/02 17:21:09 [<*mgo.Query Value>]
[INFO][rabbitmq.go:122]2019/07/02 17:21:49 [ rabbitmq:[*] Waiting for messages. ]
[INFO][mutual_strategy.go:55]2019/07/02 17:21:51 [*mgo.Query]
[INFO][mutual_strategy.go:64]2019/07/02 17:21:51 [0xc000294000]
[INFO][mutual_strategy.go:65]2019/07/02 17:21:51 [<*mgo.Query Value>]
[INFO][rabbitmq.go:122]2019/07/02 17:22:15 [ rabbitmq:[*] Waiting for messages. ]
[INFO][mutual_strategy.go:55]2019/07/02 17:22:17 [*mgo.Query]
[INFO][mutual_strategy.go:64]2019/07/02 17:22:17 [0xc00019a100]
[INFO][mutual_strategy.go:65]2019/07/02 17:22:17 [<*mgo.Query Value>]
[INFO][rabbitmq.go:122]2019/07/02 17:22:44 [ rabbitmq:[*] Waiting for messages. ]
[INFO][mutual_strategy.go:55]2019/07/02 17:22:46 [*mgo.Query]
[INFO][mutual_strategy.go:64]2019/07/02 17:22:46 [0xc0001aa100]
[INFO][mutual_strategy.go:65]2019/07/02 17:22:46 [<*mgo.Query Value>]
[INFO][rabbitmq.go:122]2019/07/02 17:39:04 [ rabbitmq:[*] Waiting for messages. ]
[INFO][mutual_strategy.go:55]2019/07/02 17:39:06 [*mgo.Query]
[INFO][mutual_strategy.go:64]2019/07/02 17:39:06 [0xc0000f0800]
[INFO][mutual_strategy.go:65]2019/07/02 17:39:06 [<*mgo.Query Value>]
[INFO][rabbitmq.go:122]2019/07/02 17:41:31 [ rabbitmq:[*] Waiting for messages. ]
[INFO][mutual_strategy.go:55]2019/07/02 17:41:34 [*mgo.Query]
[INFO][mutual_strategy.go:64]2019/07/02 17:41:34 [0xc0001ae300]
[INFO][mutual_strategy.go:65]2019/07/02 17:41:34 [<*mgo.Query Value>]
[INFO][rabbitmq.go:122]2019/07/02 17:43:01 [ rabbitmq:[*] Waiting for messages. ]
[INFO][mutual_strategy.go:55]2019/07/02 17:43:05 [*mgo.Query]
[INFO][mutual_strategy.go:64]2019/07/02 17:43:05 [0xc0001f6400]
[INFO][mutual_strategy.go:65]2019/07/02 17:43:05 [<*mgo.Query Value>]
