[INFO][main.go:47]2019/07/01 11:22:36 [err.Key, err.Message]
[INFO][main.go:47]2019/07/01 11:32:40 [err.Key, err.Message]
[INFO][main.go:47]2019/07/01 11:40:21 [err.Key, err.Message]
[INFO][main.go:47]2019/07/01 11:40:21 [err.Key, err.Message]
[INFO][main.go:47]2019/07/01 13:24:35 [err.Key, err.Message]
[INFO][main.go:47]2019/07/01 13:30:13 log.go:47: [err.Key, err.Message]
[INFO][main.go:47]2019/07/01 13:32:52 log.go:48: [err.Key, err.Message]
2019/07/01 13:51:07 [err.Key, err.Message]
[INFO][main.go:47]2019/07/01 13:51:07 [err.Key, err.Message]
[INFO][main.go:50]2019/07/01 15:27:39 [err.Key, err.Message]
[WARN][main.go:50]2019/07/01 15:35:20 [err.Key, err.Message]
[WARN][main.go:50]2019/07/01 15:39:40 [err.Key, err.Message]
[WARN][main.go:50]2019/07/01 15:50:05 [err.Key, err.Message]
[WARN][main.go:50]2019/07/01 16:08:01 [err.Key, err.Message]
[INFO][rabbitmq.go:122]2019/07/01 16:08:01 [ rabbitmq:[*] Waiting for messages. ]
[INFO][login.go:16]2019/07/01 16:08:08 [q]
[INFO][login.go:17]2019/07/01 16:08:08 [q]
[INFO][rabbitmq.go:57]2019/07/01 16:08:09 [ [x] Sent  {"time":"2019-07-01T08:08:09.158Z","text":"Hello world!","clientId":"asdfp8734rew"}]
[INFO][rabbitmq.go:99]2019/07/01 16:08:09 [rabbitmq:Received a message:  [123 34 116 105 109 101 34 58 34 50 48 49 57 45 48 55 45 48 49 84 48 56 58 48 56 58 48 57 46 49 53 56 90 34 44 34 116 101 120 116 34 58 34 72 101 108 108 111 32 119 111 114 108 100 33 34 44 34 99 108 105 101 110 116 73 100 34 58 34 97 115 100 102 112 56 55 51 52 114 101 119 34 125]]
[INFO][ws.go:78]2019/07/01 16:08:09 [0xc00017ff20]
[INFO][ws.go:79]2019/07/01 16:08:09 []
[INFO][rabbitmq.go:57]2019/07/01 16:08:10 [ [x] Sent  {"time":"2019-07-01T08:08:10.157Z","text":"Hello world!","clientId":"asdfp8734rew"}]
[INFO][rabbitmq.go:99]2019/07/01 16:08:10 [rabbitmq:Received a message:  [123 34 116 105 109 101 34 58 34 50 48 49 57 45 48 55 45 48 49 84 48 56 58 48 56 58 49 48 46 49 53 55 90 34 44 34 116 101 120 116 34 58 34 72 101 108 108 111 32 119 111 114 108 100 33 34 44 34 99 108 105 101 110 116 73 100 34 58 34 97 115 100 102 112 56 55 51 52 114 101 119 34 125]]
[INFO][ws.go:78]2019/07/01 16:08:10 [0xc000296360]
[INFO][ws.go:79]2019/07/01 16:08:10 []
[INFO][rabbitmq.go:57]2019/07/01 16:08:11 [ [x] Sent  {"time":"2019-07-01T08:08:11.158Z","text":"Hello world!","clientId":"asdfp8734rew"}]
[INFO][rabbitmq.go:99]2019/07/01 16:08:11 [rabbitmq:Received a message:  [123 34 116 105 109 101 34 58 34 50 48 49 57 45 48 55 45 48 49 84 48 56 58 48 56 58 49 49 46 49 53 56 90 34 44 34 116 101 120 116 34 58 34 72 101 108 108 111 32 119 111 114 108 100 33 34 44 34 99 108 105 101 110 116 73 100 34 58 34 97 115 100 102 112 56 55 51 52 114 101 119 34 125]]
[INFO][ws.go:78]2019/07/01 16:08:11 [0xc000296480]
[INFO][ws.go:79]2019/07/01 16:08:11 []
[INFO][rabbitmq.go:57]2019/07/01 16:08:13 [ [x] Sent  {"time":"2019-07-01T08:08:13.014Z","text":"Hello world!","clientId":"asdfp8734rew"}]
[INFO][rabbitmq.go:99]2019/07/01 16:08:13 [rabbitmq:Received a message:  [123 34 116 105 109 101 34 58 34 50 48 49 57 45 48 55 45 48 49 84 48 56 58 48 56 58 49 51 46 48 49 52 90 34 44 34 116 101 120 116 34 58 34 72 101 108 108 111 32 119 111 114 108 100 33 34 44 34 99 108 105 101 110 116 73 100 34 58 34 97 115 100 102 112 56 55 51 52 114 101 119 34 125]]
[INFO][ws.go:78]2019/07/01 16:08:13 [0xc00019c630]
[INFO][ws.go:79]2019/07/01 16:08:13 []
[INFO][rabbitmq.go:57]2019/07/01 16:08:14 [ [x] Sent  {"time":"2019-07-01T08:08:14.016Z","text":"Hello world!","clientId":"asdfp8734rew"}]
[INFO][rabbitmq.go:99]2019/07/01 16:08:14 [rabbitmq:Received a message:  [123 34 116 105 109 101 34 58 34 50 48 49 57 45 48 55 45 48 49 84 48 56 58 48 56 58 49 52 46 48 49 54 90 34 44 34 116 101 120 116 34 58 34 72 101 108 108 111 32 119 111 114 108 100 33 34 44 34 99 108 105 101 110 116 73 100 34 58 34 97 115 100 102 112 56 55 51 52 114 101 119 34 125]]
[INFO][ws.go:78]2019/07/01 16:08:14 [0xc0002a0330]
[INFO][ws.go:79]2019/07/01 16:08:14 []
[INFO][rabbitmq.go:57]2019/07/01 16:08:15 [ [x] Sent  {"time":"2019-07-01T08:08:15.014Z","text":"Hello world!","clientId":"asdfp8734rew"}]
[INFO][rabbitmq.go:99]2019/07/01 16:08:15 [rabbitmq:Received a message:  [123 34 116 105 109 101 34 58 34 50 48 49 57 45 48 55 45 48 49 84 48 56 58 48 56 58 49 53 46 48 49 52 90 34 44 34 116 101 120 116 34 58 34 72 101 108 108 111 32 119 111 114 108 100 33 34 44 34 99 108 105 101 110 116 73 100 34 58 34 97 115 100 102 112 56 55 51 52 114 101 119 34 125]]
[INFO][ws.go:78]2019/07/01 16:08:15 [0xc000296840]
[INFO][ws.go:79]2019/07/01 16:08:15 []
[INFO][rabbitmq.go:57]2019/07/01 16:08:16 [ [x] Sent  {"time":"2019-07-01T08:08:16.016Z","text":"Hello world!","clientId":"asdfp8734rew"}]
[INFO][rabbitmq.go:99]2019/07/01 16:08:16 [rabbitmq:Received a message:  [123 34 116 105 109 101 34 58 34 50 48 49 57 45 48 55 45 48 49 84 48 56 58 48 56 58 49 54 46 48 49 54 90 34 44 34 116 101 120 116 34 58 34 72 101 108 108 111 32 119 111 114 108 100 33 34 44 34 99 108 105 101 110 116 73 100 34 58 34 97 115 100 102 112 56 55 51 52 114 101 119 34 125]]
[INFO][ws.go:78]2019/07/01 16:08:16 [0xc000296bd0]
[INFO][ws.go:79]2019/07/01 16:08:16 []
[INFO][rabbitmq.go:57]2019/07/01 16:08:17 [ [x] Sent  {"time":"2019-07-01T08:08:17.013Z","text":"Hello world!","clientId":"asdfp8734rew"}]
[INFO][rabbitmq.go:99]2019/07/01 16:08:17 [rabbitmq:Received a message:  [123 34 116 105 109 101 34 58 34 50 48 49 57 45 48 55 45 48 49 84 48 56 58 48 56 58 49 55 46 48 49 51 90 34 44 34 116 101 120 116 34 58 34 72 101 108 108 111 32 119 111 114 108 100 33 34 44 34 99 108 105 101 110 116 73 100 34 58 34 97 115 100 102 112 56 55 51 52 114 101 119 34 125]]
[INFO][ws.go:78]2019/07/01 16:08:17 [0xc00019b410]
[INFO][ws.go:79]2019/07/01 16:08:17 []
[INFO][rabbitmq.go:57]2019/07/01 16:08:18 [ [x] Sent  {"time":"2019-07-01T08:08:18.016Z","text":"Hello world!","clientId":"asdfp8734rew"}]
[INFO][rabbitmq.go:99]2019/07/01 16:08:18 [rabbitmq:Received a message:  [123 34 116 105 109 101 34 58 34 50 48 49 57 45 48 55 45 48 49 84 48 56 58 48 56 58 49 56 46 48 49 54 90 34 44 34 116 101 120 116 34 58 34 72 101 108 108 111 32 119 111 114 108 100 33 34 44 34 99 108 105 101 110 116 73 100 34 58 34 97 115 100 102 112 56 55 51 52 114 101 119 34 125]]
[INFO][ws.go:78]2019/07/01 16:08:18 [0xc00019ccf0]
[INFO][ws.go:79]2019/07/01 16:08:18 []
[INFO][rabbitmq.go:57]2019/07/01 16:08:19 [ [x] Sent  {"time":"2019-07-01T08:08:19.014Z","text":"Hello world!","clientId":"asdfp8734rew"}]
[INFO][rabbitmq.go:99]2019/07/01 16:08:19 [rabbitmq:Received a message:  [123 34 116 105 109 101 34 58 34 50 48 49 57 45 48 55 45 48 49 84 48 56 58 48 56 58 49 57 46 48 49 52 90 34 44 34 116 101 120 116 34 58 34 72 101 108 108 111 32 119 111 114 108 100 33 34 44 34 99 108 105 101 110 116 73 100 34 58 34 97 115 100 102 112 56 55 51 52 114 101 119 34 125]]
[INFO][ws.go:78]2019/07/01 16:08:19 [0xc0002a0630]
[INFO][ws.go:79]2019/07/01 16:08:19 []
[INFO][rabbitmq.go:57]2019/07/01 16:08:20 [ [x] Sent  {"time":"2019-07-01T08:08:20.014Z","text":"Hello world!","clientId":"asdfp8734rew"}]
[INFO][rabbitmq.go:99]2019/07/01 16:08:20 [rabbitmq:Received a message:  [123 34 116 105 109 101 34 58 34 50 48 49 57 45 48 55 45 48 49 84 48 56 58 48 56 58 50 48 46 48 49 52 90 34 44 34 116 101 120 116 34 58 34 72 101 108 108 111 32 119 111 114 108 100 33 34 44 34 99 108 105 101 110 116 73 100 34 58 34 97 115 100 102 112 56 55 51 52 114 101 119 34 125]]
[INFO][ws.go:78]2019/07/01 16:08:20 [0xc00019d050]
[INFO][ws.go:79]2019/07/01 16:08:20 []
[INFO][rabbitmq.go:57]2019/07/01 16:08:21 [ [x] Sent  {"time":"2019-07-01T08:08:21.014Z","text":"Hello world!","clientId":"asdfp8734rew"}]
[INFO][rabbitmq.go:99]2019/07/01 16:08:21 [rabbitmq:Received a message:  [123 34 116 105 109 101 34 58 34 50 48 49 57 45 48 55 45 48 49 84 48 56 58 48 56 58 50 49 46 48 49 52 90 34 44 34 116 101 120 116 34 58 34 72 101 108 108 111 32 119 111 114 108 100 33 34 44 34 99 108 105 101 110 116 73 100 34 58 34 97 115 100 102 112 56 55 51 52 114 101 119 34 125]]
[INFO][ws.go:78]2019/07/01 16:08:21 [0xc00019d320]
[INFO][ws.go:79]2019/07/01 16:08:21 []
[INFO][rabbitmq.go:57]2019/07/01 16:08:22 [ [x] Sent  {"time":"2019-07-01T08:08:22.014Z","text":"Hello world!","clientId":"asdfp8734rew"}]
[INFO][rabbitmq.go:99]2019/07/01 16:08:22 [rabbitmq:Received a message:  [123 34 116 105 109 101 34 58 34 50 48 49 57 45 48 55 45 48 49 84 48 56 58 48 56 58 50 50 46 48 49 52 90 34 44 34 116 101 120 116 34 58 34 72 101 108 108 111 32 119 111 114 108 100 33 34 44 34 99 108 105 101 110 116 73 100 34 58 34 97 115 100 102 112 56 55 51 52 114 101 119 34 125]]
[INFO][ws.go:78]2019/07/01 16:08:22 [0xc0002a0990]
[INFO][ws.go:79]2019/07/01 16:08:22 []
[INFO][rabbitmq.go:57]2019/07/01 16:08:23 [ [x] Sent  {"time":"2019-07-01T08:08:23.015Z","text":"Hello world!","clientId":"asdfp8734rew"}]
[INFO][rabbitmq.go:99]2019/07/01 16:08:23 [rabbitmq:Received a message:  [123 34 116 105 109 101 34 58 34 50 48 49 57 45 48 55 45 48 49 84 48 56 58 48 56 58 50 51 46 48 49 53 90 34 44 34 116 101 120 116 34 58 34 72 101 108 108 111 32 119 111 114 108 100 33 34 44 34 99 108 105 101 110 116 73 100 34 58 34 97 115 100 102 112 56 55 51 52 114 101 119 34 125]]
[INFO][ws.go:78]2019/07/01 16:08:23 [0xc000296f90]
[INFO][ws.go:79]2019/07/01 16:08:23 []
[INFO][rabbitmq.go:57]2019/07/01 16:08:24 [ [x] Sent  {"time":"2019-07-01T08:08:24.014Z","text":"Hello world!","clientId":"asdfp8734rew"}]
[INFO][rabbitmq.go:99]2019/07/01 16:08:24 [rabbitmq:Received a message:  [123 34 116 105 109 101 34 58 34 50 48 49 57 45 48 55 45 48 49 84 48 56 58 48 56 58 50 52 46 48 49 52 90 34 44 34 116 101 120 116 34 58 34 72 101 108 108 111 32 119 111 114 108 100 33 34 44 34 99 108 105 101 110 116 73 100 34 58 34 97 115 100 102 112 56 55 51 52 114 101 119 34 125]]
[INFO][ws.go:78]2019/07/01 16:08:24 [0xc00019d440]
[INFO][ws.go:79]2019/07/01 16:08:24 []
[INFO][rabbitmq.go:57]2019/07/01 16:08:25 [ [x] Sent  {"time":"2019-07-01T08:08:25.016Z","text":"Hello world!","clientId":"asdfp8734rew"}]
[INFO][rabbitmq.go:99]2019/07/01 16:08:25 [rabbitmq:Received a message:  [123 34 116 105 109 101 34 58 34 50 48 49 57 45 48 55 45 48 49 84 48 56 58 48 56 58 50 53 46 48 49 54 90 34 44 34 116 101 120 116 34 58 34 72 101 108 108 111 32 119 111 114 108 100 33 34 44 34 99 108 105 101 110 116 73 100 34 58 34 97 115 100 102 112 56 55 51 52 114 101 119 34 125]]
[INFO][ws.go:78]2019/07/01 16:08:25 [0xc00019d4a0]
[INFO][ws.go:79]2019/07/01 16:08:25 []
[INFO][rabbitmq.go:57]2019/07/01 16:08:26 [ [x] Sent  {"time":"2019-07-01T08:08:26.014Z","text":"Hello world!","clientId":"asdfp8734rew"}]
[INFO][rabbitmq.go:99]2019/07/01 16:08:26 [rabbitmq:Received a message:  [123 34 116 105 109 101 34 58 34 50 48 49 57 45 48 55 45 48 49 84 48 56 58 48 56 58 50 54 46 48 49 52 90 34 44 34 116 101 120 116 34 58 34 72 101 108 108 111 32 119 111 114 108 100 33 34 44 34 99 108 105 101 110 116 73 100 34 58 34 97 115 100 102 112 56 55 51 52 114 101 119 34 125]]
[INFO][ws.go:78]2019/07/01 16:08:26 [0xc0002a0ea0]
[INFO][ws.go:79]2019/07/01 16:08:26 []
[INFO][rabbitmq.go:57]2019/07/01 16:08:27 [ [x] Sent  {"time":"2019-07-01T08:08:27.017Z","text":"Hello world!","clientId":"asdfp8734rew"}]
[INFO][rabbitmq.go:99]2019/07/01 16:08:27 [rabbitmq:Received a message:  [123 34 116 105 109 101 34 58 34 50 48 49 57 45 48 55 45 48 49 84 48 56 58 48 56 58 50 55 46 48 49 55 90 34 44 34 116 101 120 116 34 58 34 72 101 108 108 111 32 119 111 114 108 100 33 34 44 34 99 108 105 101 110 116 73 100 34 58 34 97 115 100 102 112 56 55 51 52 114 101 119 34 125]]
[INFO][ws.go:78]2019/07/01 16:08:27 [0xc00019bd40]
[INFO][ws.go:79]2019/07/01 16:08:27 []
[INFO][rabbitmq.go:57]2019/07/01 16:08:28 [ [x] Sent  {"time":"2019-07-01T08:08:28.014Z","text":"Hello world!","clientId":"asdfp8734rew"}]
[INFO][rabbitmq.go:99]2019/07/01 16:08:28 [rabbitmq:Received a message:  [123 34 116 105 109 101 34 58 34 50 48 49 57 45 48 55 45 48 49 84 48 56 58 48 56 58 50 56 46 48 49 52 90 34 44 34 116 101 120 116 34 58 34 72 101 108 108 111 32 119 111 114 108 100 33 34 44 34 99 108 105 101 110 116 73 100 34 58 34 97 115 100 102 112 56 55 51 52 114 101 119 34 125]]
[INFO][ws.go:78]2019/07/01 16:08:28 [0xc00019bef0]
[INFO][ws.go:79]2019/07/01 16:08:28 []
[INFO][rabbitmq.go:57]2019/07/01 16:08:29 [ [x] Sent  {"time":"2019-07-01T08:08:29.014Z","text":"Hello world!","clientId":"asdfp8734rew"}]
[INFO][rabbitmq.go:99]2019/07/01 16:08:29 [rabbitmq:Received a message:  [123 34 116 105 109 101 34 58 34 50 48 49 57 45 48 55 45 48 49 84 48 56 58 48 56 58 50 57 46 48 49 52 90 34 44 34 116 101 120 116 34 58 34 72 101 108 108 111 32 119 111 114 108 100 33 34 44 34 99 108 105 101 110 116 73 100 34 58 34 97 115 100 102 112 56 55 51 52 114 101 119 34 125]]
[INFO][ws.go:78]2019/07/01 16:08:29 [0xc0002a1200]
[INFO][ws.go:79]2019/07/01 16:08:29 []
[INFO][rabbitmq.go:57]2019/07/01 16:08:30 [ [x] Sent  {"time":"2019-07-01T08:08:30.016Z","text":"Hello world!","clientId":"asdfp8734rew"}]
[INFO][rabbitmq.go:99]2019/07/01 16:08:30 [rabbitmq:Received a message:  [123 34 116 105 109 101 34 58 34 50 48 49 57 45 48 55 45 48 49 84 48 56 58 48 56 58 51 48 46 48 49 54 90 34 44 34 116 101 120 116 34 58 34 72 101 108 108 111 32 119 111 114 108 100 33 34 44 34 99 108 105 101 110 116 73 100 34 58 34 97 115 100 102 112 56 55 51 52 114 101 119 34 125]]
[INFO][ws.go:78]2019/07/01 16:08:30 [0xc00019d590]
[INFO][ws.go:79]2019/07/01 16:08:30 []
[INFO][rabbitmq.go:57]2019/07/01 16:08:31 [ [x] Sent  {"time":"2019-07-01T08:08:31.014Z","text":"Hello world!","clientId":"asdfp8734rew"}]
[INFO][rabbitmq.go:99]2019/07/01 16:08:31 [rabbitmq:Received a message:  [123 34 116 105 109 101 34 58 34 50 48 49 57 45 48 55 45 48 49 84 48 56 58 48 56 58 51 49 46 48 49 52 90 34 44 34 116 101 120 116 34 58 34 72 101 108 108 111 32 119 111 114 108 100 33 34 44 34 99 108 105 101 110 116 73 100 34 58 34 97 115 100 102 112 56 55 51 52 114 101 119 34 125]]
[INFO][ws.go:78]2019/07/01 16:08:31 [0xc0002a1590]
[INFO][ws.go:79]2019/07/01 16:08:31 []
[INFO][rabbitmq.go:57]2019/07/01 16:08:32 [ [x] Sent  {"time":"2019-07-01T08:08:32.015Z","text":"Hello world!","clientId":"asdfp8734rew"}]
[INFO][rabbitmq.go:99]2019/07/01 16:08:32 [rabbitmq:Received a message:  [123 34 116 105 109 101 34 58 34 50 48 49 57 45 48 55 45 48 49 84 48 56 58 48 56 58 51 50 46 48 49 53 90 34 44 34 116 101 120 116 34 58 34 72 101 108 108 111 32 119 111 114 108 100 33 34 44 34 99 108 105 101 110 116 73 100 34 58 34 97 115 100 102 112 56 55 51 52 114 101 119 34 125]]
[INFO][ws.go:78]2019/07/01 16:08:32 [0xc00019d8c0]
[INFO][ws.go:79]2019/07/01 16:08:32 []
[INFO][rabbitmq.go:57]2019/07/01 16:08:33 [ [x] Sent  {"time":"2019-07-01T08:08:33.014Z","text":"Hello world!","clientId":"asdfp8734rew"}]
[INFO][rabbitmq.go:99]2019/07/01 16:08:33 [rabbitmq:Received a message:  [123 34 116 105 109 101 34 58 34 50 48 49 57 45 48 55 45 48 49 84 48 56 58 48 56 58 51 51 46 48 49 52 90 34 44 34 116 101 120 116 34 58 34 72 101 108 108 111 32 119 111 114 108 100 33 34 44 34 99 108 105 101 110 116 73 100 34 58 34 97 115 100 102 112 56 55 51 52 114 101 119 34 125]]
[INFO][ws.go:78]2019/07/01 16:08:33 [0xc00035c240]
[INFO][ws.go:79]2019/07/01 16:08:33 []
[INFO][rabbitmq.go:57]2019/07/01 16:08:34 [ [x] Sent  {"time":"2019-07-01T08:08:34.014Z","text":"Hello world!","clientId":"asdfp8734rew"}]
[INFO][rabbitmq.go:99]2019/07/01 16:08:34 [rabbitmq:Received a message:  [123 34 116 105 109 101 34 58 34 50 48 49 57 45 48 55 45 48 49 84 48 56 58 48 56 58 51 52 46 48 49 52 90 34 44 34 116 101 120 116 34 58 34 72 101 108 108 111 32 119 111 114 108 100 33 34 44 34 99 108 105 101 110 116 73 100 34 58 34 97 115 100 102 112 56 55 51 52 114 101 119 34 125]]
[INFO][ws.go:78]2019/07/01 16:08:34 [0xc000297890]
[INFO][ws.go:79]2019/07/01 16:08:34 []
[INFO][rabbitmq.go:57]2019/07/01 16:08:35 [ [x] Sent  {"time":"2019-07-01T08:08:35.025Z","text":"Hello world!","clientId":"asdfp8734rew"}]
[INFO][rabbitmq.go:99]2019/07/01 16:08:35 [rabbitmq:Received a message:  [123 34 116 105 109 101 34 58 34 50 48 49 57 45 48 55 45 48 49 84 48 56 58 48 56 58 51 53 46 48 50 53 90 34 44 34 116 101 120 116 34 58 34 72 101 108 108 111 32 119 111 114 108 100 33 34 44 34 99 108 105 101 110 116 73 100 34 58 34 97 115 100 102 112 56 55 51 52 114 101 119 34 125]]
[INFO][ws.go:78]2019/07/01 16:08:35 [0xc00035c330]
[INFO][ws.go:79]2019/07/01 16:08:35 []
[INFO][rabbitmq.go:57]2019/07/01 16:08:36 [ [x] Sent  {"time":"2019-07-01T08:08:36.014Z","text":"Hello world!","clientId":"asdfp8734rew"}]
[INFO][rabbitmq.go:99]2019/07/01 16:08:36 [rabbitmq:Received a message:  [123 34 116 105 109 101 34 58 34 50 48 49 57 45 48 55 45 48 49 84 48 56 58 48 56 58 51 54 46 48 49 52 90 34 44 34 116 101 120 116 34 58 34 72 101 108 108 111 32 119 111 114 108 100 33 34 44 34 99 108 105 101 110 116 73 100 34 58 34 97 115 100 102 112 56 55 51 52 114 101 119 34 125]]
[INFO][ws.go:78]2019/07/01 16:08:36 [0xc00035c450]
[INFO][ws.go:79]2019/07/01 16:08:36 []
[INFO][rabbitmq.go:57]2019/07/01 16:08:37 [ [x] Sent  {"time":"2019-07-01T08:08:37.016Z","text":"Hello world!","clientId":"asdfp8734rew"}]
[INFO][rabbitmq.go:99]2019/07/01 16:08:37 [rabbitmq:Received a message:  [123 34 116 105 109 101 34 58 34 50 48 49 57 45 48 55 45 48 49 84 48 56 58 48 56 58 51 55 46 48 49 54 90 34 44 34 116 101 120 116 34 58 34 72 101 108 108 111 32 119 111 114 108 100 33 34 44 34 99 108 105 101 110 116 73 100 34 58 34 97 115 100 102 112 56 55 51 52 114 101 119 34 125]]
[INFO][ws.go:78]2019/07/01 16:08:37 [0xc00035c7e0]
[INFO][ws.go:79]2019/07/01 16:08:37 []
[INFO][rabbitmq.go:57]2019/07/01 16:08:38 [ [x] Sent  {"time":"2019-07-01T08:08:38.016Z","text":"Hello world!","clientId":"asdfp8734rew"}]
[INFO][rabbitmq.go:99]2019/07/01 16:08:38 [rabbitmq:Received a message:  [123 34 116 105 109 101 34 58 34 50 48 49 57 45 48 55 45 48 49 84 48 56 58 48 56 58 51 56 46 48 49 54 90 34 44 34 116 101 120 116 34 58 34 72 101 108 108 111 32 119 111 114 108 100 33 34 44 34 99 108 105 101 110 116 73 100 34 58 34 97 115 100 102 112 56 55 51 52 114 101 119 34 125]]
[INFO][ws.go:78]2019/07/01 16:08:38 [0xc00035c8d0]
[INFO][ws.go:79]2019/07/01 16:08:38 []
[INFO][rabbitmq.go:57]2019/07/01 16:08:39 [ [x] Sent  {"time":"2019-07-01T08:08:39.018Z","text":"Hello world!","clientId":"asdfp8734rew"}]
[INFO][rabbitmq.go:99]2019/07/01 16:08:39 [rabbitmq:Received a message:  [123 34 116 105 109 101 34 58 34 50 48 49 57 45 48 55 45 48 49 84 48 56 58 48 56 58 51 57 46 48 49 56 90 34 44 34 116 101 120 116 34 58 34 72 101 108 108 111 32 119 111 114 108 100 33 34 44 34 99 108 105 101 110 116 73 100 34 58 34 97 115 100 102 112 56 55 51 52 114 101 119 34 125]]
[INFO][ws.go:78]2019/07/01 16:08:39 [0xc000297e90]
[INFO][ws.go:79]2019/07/01 16:08:39 []
[INFO][rabbitmq.go:57]2019/07/01 16:08:40 [ [x] Sent  {"time":"2019-07-01T08:08:40.013Z","text":"Hello world!","clientId":"asdfp8734rew"}]
[INFO][rabbitmq.go:99]2019/07/01 16:08:40 [rabbitmq:Received a message:  [123 34 116 105 109 101 34 58 34 50 48 49 57 45 48 55 45 48 49 84 48 56 58 48 56 58 52 48 46 48 49 51 90 34 44 34 116 101 120 116 34 58 34 72 101 108 108 111 32 119 111 114 108 100 33 34 44 34 99 108 105 101 110 116 73 100 34 58 34 97 115 100 102 112 56 55 51 52 114 101 119 34 125]]
[INFO][ws.go:78]2019/07/01 16:08:40 [0xc0003a6180]
[INFO][ws.go:79]2019/07/01 16:08:40 []
[INFO][rabbitmq.go:57]2019/07/01 16:08:41 [ [x] Sent  {"time":"2019-07-01T08:08:41.014Z","text":"Hello world!","clientId":"asdfp8734rew"}]
[INFO][rabbitmq.go:99]2019/07/01 16:08:41 [rabbitmq:Received a message:  [123 34 116 105 109 101 34 58 34 50 48 49 57 45 48 55 45 48 49 84 48 56 58 48 56 58 52 49 46 48 49 52 90 34 44 34 116 101 120 116 34 58 34 72 101 108 108 111 32 119 111 114 108 100 33 34 44 34 99 108 105 101 110 116 73 100 34 58 34 97 115 100 102 112 56 55 51 52 114 101 119 34 125]]
[INFO][ws.go:78]2019/07/01 16:08:41 [0xc0003a61e0]
[INFO][ws.go:79]2019/07/01 16:08:41 []
[INFO][rabbitmq.go:57]2019/07/01 16:08:42 [ [x] Sent  {"time":"2019-07-01T08:08:42.016Z","text":"Hello world!","clientId":"asdfp8734rew"}]
[INFO][rabbitmq.go:99]2019/07/01 16:08:42 [rabbitmq:Received a message:  [123 34 116 105 109 101 34 58 34 50 48 49 57 45 48 55 45 48 49 84 48 56 58 48 56 58 52 50 46 48 49 54 90 34 44 34 116 101 120 116 34 58 34 72 101 108 108 111 32 119 111 114 108 100 33 34 44 34 99 108 105 101 110 116 73 100 34 58 34 97 115 100 102 112 56 55 51 52 114 101 119 34 125]]
[INFO][ws.go:78]2019/07/01 16:08:42 [0xc0003a6240]
[INFO][ws.go:79]2019/07/01 16:08:42 []
[INFO][rabbitmq.go:57]2019/07/01 16:08:43 [ [x] Sent  {"time":"2019-07-01T08:08:43.014Z","text":"Hello world!","clientId":"asdfp8734rew"}]
[INFO][rabbitmq.go:99]2019/07/01 16:08:43 [rabbitmq:Received a message:  [123 34 116 105 109 101 34 58 34 50 48 49 57 45 48 55 45 48 49 84 48 56 58 48 56 58 52 51 46 48 49 52 90 34 44 34 116 101 120 116 34 58 34 72 101 108 108 111 32 119 111 114 108 100 33 34 44 34 99 108 105 101 110 116 73 100 34 58 34 97 115 100 102 112 56 55 51 52 114 101 119 34 125]]
[INFO][ws.go:78]2019/07/01 16:08:43 [0xc0002a1d40]
[INFO][ws.go:79]2019/07/01 16:08:43 []
[INFO][rabbitmq.go:57]2019/07/01 16:08:44 [ [x] Sent  {"time":"2019-07-01T08:08:44.015Z","text":"Hello world!","clientId":"asdfp8734rew"}]
[INFO][rabbitmq.go:99]2019/07/01 16:08:44 [rabbitmq:Received a message:  [123 34 116 105 109 101 34 58 34 50 48 49 57 45 48 55 45 48 49 84 48 56 58 48 56 58 52 52 46 48 49 53 90 34 44 34 116 101 120 116 34 58 34 72 101 108 108 111 32 119 111 114 108 100 33 34 44 34 99 108 105 101 110 116 73 100 34 58 34 97 115 100 102 112 56 55 51 52 114 101 119 34 125]]
[INFO][ws.go:78]2019/07/01 16:08:44 [0xc00035cde0]
[INFO][ws.go:79]2019/07/01 16:08:44 []
[INFO][rabbitmq.go:57]2019/07/01 16:08:45 [ [x] Sent  {"time":"2019-07-01T08:08:45.014Z","text":"Hello world!","clientId":"asdfp8734rew"}]
[INFO][rabbitmq.go:99]2019/07/01 16:08:45 [rabbitmq:Received a message:  [123 34 116 105 109 101 34 58 34 50 48 49 57 45 48 55 45 48 49 84 48 56 58 48 56 58 52 53 46 48 49 52 90 34 44 34 116 101 120 116 34 58 34 72 101 108 108 111 32 119 111 114 108 100 33 34 44 34 99 108 105 101 110 116 73 100 34 58 34 97 115 100 102 112 56 55 51 52 114 101 119 34 125]]
[INFO][ws.go:78]2019/07/01 16:08:45 [0xc00035d0e0]
[INFO][ws.go:79]2019/07/01 16:08:45 []
[INFO][rabbitmq.go:57]2019/07/01 16:08:46 [ [x] Sent  {"time":"2019-07-01T08:08:46.014Z","text":"Hello world!","clientId":"asdfp8734rew"}]
[INFO][rabbitmq.go:99]2019/07/01 16:08:46 [rabbitmq:Received a message:  [123 34 116 105 109 101 34 58 34 50 48 49 57 45 48 55 45 48 49 84 48 56 58 48 56 58 52 54 46 48 49 52 90 34 44 34 116 101 120 116 34 58 34 72 101 108 108 111 32 119 111 114 108 100 33 34 44 34 99 108 105 101 110 116 73 100 34 58 34 97 115 100 102 112 56 55 51 52 114 101 119 34 125]]
[INFO][ws.go:78]2019/07/01 16:08:46 [0xc0003a6540]
[INFO][ws.go:79]2019/07/01 16:08:46 []
[INFO][rabbitmq.go:57]2019/07/01 16:08:47 [ [x] Sent  {"time":"2019-07-01T08:08:47.015Z","text":"Hello world!","clientId":"asdfp8734rew"}]
[INFO][rabbitmq.go:99]2019/07/01 16:08:47 [rabbitmq:Received a message:  [123 34 116 105 109 101 34 58 34 50 48 49 57 45 48 55 45 48 49 84 48 56 58 48 56 58 52 55 46 48 49 53 90 34 44 34 116 101 120 116 34 58 34 72 101 108 108 111 32 119 111 114 108 100 33 34 44 34 99 108 105 101 110 116 73 100 34 58 34 97 115 100 102 112 56 55 51 52 114 101 119 34 125]]
[INFO][ws.go:78]2019/07/01 16:08:47 [0xc0003a65a0]
[INFO][ws.go:79]2019/07/01 16:08:47 []
[INFO][rabbitmq.go:57]2019/07/01 16:08:48 [ [x] Sent  {"time":"2019-07-01T08:08:48.014Z","text":"Hello world!","clientId":"asdfp8734rew"}]
[INFO][rabbitmq.go:99]2019/07/01 16:08:48 [rabbitmq:Received a message:  [123 34 116 105 109 101 34 58 34 50 48 49 57 45 48 55 45 48 49 84 48 56 58 48 56 58 52 56 46 48 49 52 90 34 44 34 116 101 120 116 34 58 34 72 101 108 108 111 32 119 111 114 108 100 33 34 44 34 99 108 105 101 110 116 73 100 34 58 34 97 115 100 102 112 56 55 51 52 114 101 119 34 125]]
[INFO][ws.go:78]2019/07/01 16:08:48 [0xc00035d560]
[INFO][ws.go:79]2019/07/01 16:08:48 []
[INFO][rabbitmq.go:57]2019/07/01 16:08:49 [ [x] Sent  {"time":"2019-07-01T08:08:49.014Z","text":"Hello world!","clientId":"asdfp8734rew"}]
[INFO][rabbitmq.go:99]2019/07/01 16:08:49 [rabbitmq:Received a message:  [123 34 116 105 109 101 34 58 34 50 48 49 57 45 48 55 45 48 49 84 48 56 58 48 56 58 52 57 46 48 49 52 90 34 44 34 116 101 120 116 34 58 34 72 101 108 108 111 32 119 111 114 108 100 33 34 44 34 99 108 105 101 110 116 73 100 34 58 34 97 115 100 102 112 56 55 51 52 114 101 119 34 125]]
[INFO][ws.go:78]2019/07/01 16:08:49 [0xc0003a6b70]
[INFO][ws.go:79]2019/07/01 16:08:49 []
[INFO][rabbitmq.go:57]2019/07/01 16:08:50 [ [x] Sent  {"time":"2019-07-01T08:08:50.014Z","text":"Hello world!","clientId":"asdfp8734rew"}]
[INFO][rabbitmq.go:99]2019/07/01 16:08:50 [rabbitmq:Received a message:  [123 34 116 105 109 101 34 58 34 50 48 49 57 45 48 55 45 48 49 84 48 56 58 48 56 58 53 48 46 48 49 52 90 34 44 34 116 101 120 116 34 58 34 72 101 108 108 111 32 119 111 114 108 100 33 34 44 34 99 108 105 101 110 116 73 100 34 58 34 97 115 100 102 112 56 55 51 52 114 101 119 34 125]]
[INFO][ws.go:78]2019/07/01 16:08:50 [0xc00035d650]
[INFO][ws.go:79]2019/07/01 16:08:50 []
[INFO][rabbitmq.go:57]2019/07/01 16:08:51 [ [x] Sent  {"time":"2019-07-01T08:08:51.015Z","text":"Hello world!","clientId":"asdfp8734rew"}]
[INFO][rabbitmq.go:99]2019/07/01 16:08:51 [rabbitmq:Received a message:  [123 34 116 105 109 101 34 58 34 50 48 49 57 45 48 55 45 48 49 84 48 56 58 48 56 58 53 49 46 48 49 53 90 34 44 34 116 101 120 116 34 58 34 72 101 108 108 111 32 119 111 114 108 100 33 34 44 34 99 108 105 101 110 116 73 100 34 58 34 97 115 100 102 112 56 55 51 52 114 101 119 34 125]]
[INFO][ws.go:78]2019/07/01 16:08:51 [0xc0003a6c90]
[INFO][ws.go:79]2019/07/01 16:08:51 []
[INFO][rabbitmq.go:57]2019/07/01 16:08:52 [ [x] Sent  {"time":"2019-07-01T08:08:52.015Z","text":"Hello world!","clientId":"asdfp8734rew"}]
[INFO][rabbitmq.go:99]2019/07/01 16:08:52 [rabbitmq:Received a message:  [123 34 116 105 109 101 34 58 34 50 48 49 57 45 48 55 45 48 49 84 48 56 58 48 56 58 53 50 46 48 49 53 90 34 44 34 116 101 120 116 34 58 34 72 101 108 108 111 32 119 111 114 108 100 33 34 44 34 99 108 105 101 110 116 73 100 34 58 34 97 115 100 102 112 56 55 51 52 114 101 119 34 125]]
[INFO][ws.go:78]2019/07/01 16:08:52 [0xc0003ce480]
[INFO][ws.go:79]2019/07/01 16:08:52 []
[INFO][rabbitmq.go:57]2019/07/01 16:08:53 [ [x] Sent  {"time":"2019-07-01T08:08:53.014Z","text":"Hello world!","clientId":"asdfp8734rew"}]
[INFO][rabbitmq.go:99]2019/07/01 16:08:53 [rabbitmq:Received a message:  [123 34 116 105 109 101 34 58 34 50 48 49 57 45 48 55 45 48 49 84 48 56 58 48 56 58 53 51 46 48 49 52 90 34 44 34 116 101 120 116 34 58 34 72 101 108 108 111 32 119 111 114 108 100 33 34 44 34 99 108 105 101 110 116 73 100 34 58 34 97 115 100 102 112 56 55 51 52 114 101 119 34 125]]
[INFO][ws.go:78]2019/07/01 16:08:53 [0xc0003f2600]
[INFO][ws.go:79]2019/07/01 16:08:53 []
[INFO][rabbitmq.go:57]2019/07/01 16:08:54 [ [x] Sent  {"time":"2019-07-01T08:08:54.015Z","text":"Hello world!","clientId":"asdfp8734rew"}]
[INFO][rabbitmq.go:99]2019/07/01 16:08:54 [rabbitmq:Received a message:  [123 34 116 105 109 101 34 58 34 50 48 49 57 45 48 55 45 48 49 84 48 56 58 48 56 58 53 52 46 48 49 53 90 34 44 34 116 101 120 116 34 58 34 72 101 108 108 111 32 119 111 114 108 100 33 34 44 34 99 108 105 101 110 116 73 100 34 58 34 97 115 100 102 112 56 55 51 52 114 101 119 34 125]]
[INFO][ws.go:78]2019/07/01 16:08:54 [0xc0003a6ff0]
[INFO][ws.go:79]2019/07/01 16:08:54 []
[INFO][rabbitmq.go:57]2019/07/01 16:08:55 [ [x] Sent  {"time":"2019-07-01T08:08:55.015Z","text":"Hello world!","clientId":"asdfp8734rew"}]
[INFO][rabbitmq.go:99]2019/07/01 16:08:55 [rabbitmq:Received a message:  [123 34 116 105 109 101 34 58 34 50 48 49 57 45 48 55 45 48 49 84 48 56 58 48 56 58 53 53 46 48 49 53 90 34 44 34 116 101 120 116 34 58 34 72 101 108 108 111 32 119 111 114 108 100 33 34 44 34 99 108 105 101 110 116 73 100 34 58 34 97 115 100 102 112 56 55 51 52 114 101 119 34 125]]
[INFO][ws.go:78]2019/07/01 16:08:55 [0xc00035d920]
[INFO][ws.go:79]2019/07/01 16:08:55 []
[INFO][rabbitmq.go:57]2019/07/01 16:08:56 [ [x] Sent  {"time":"2019-07-01T08:08:56.015Z","text":"Hello world!","clientId":"asdfp8734rew"}]
[INFO][rabbitmq.go:99]2019/07/01 16:08:56 [rabbitmq:Received a message:  [123 34 116 105 109 101 34 58 34 50 48 49 57 45 48 55 45 48 49 84 48 56 58 48 56 58 53 54 46 48 49 53 90 34 44 34 116 101 120 116 34 58 34 72 101 108 108 111 32 119 111 114 108 100 33 34 44 34 99 108 105 101 110 116 73 100 34 58 34 97 115 100 102 112 56 55 51 52 114 101 119 34 125]]
[INFO][ws.go:78]2019/07/01 16:08:56 [0xc0003a72f0]
[INFO][ws.go:79]2019/07/01 16:08:56 []
[INFO][rabbitmq.go:57]2019/07/01 16:08:57 [ [x] Sent  {"time":"2019-07-01T08:08:57.014Z","text":"Hello world!","clientId":"asdfp8734rew"}]
[INFO][rabbitmq.go:99]2019/07/01 16:08:57 [rabbitmq:Received a message:  [123 34 116 105 109 101 34 58 34 50 48 49 57 45 48 55 45 48 49 84 48 56 58 48 56 58 53 55 46 48 49 52 90 34 44 34 116 101 120 116 34 58 34 72 101 108 108 111 32 119 111 114 108 100 33 34 44 34 99 108 105 101 110 116 73 100 34 58 34 97 115 100 102 112 56 55 51 52 114 101 119 34 125]]
[INFO][ws.go:78]2019/07/01 16:08:57 [0xc0003ce5a0]
[INFO][ws.go:79]2019/07/01 16:08:57 []
[INFO][rabbitmq.go:57]2019/07/01 16:08:58 [ [x] Sent  {"time":"2019-07-01T08:08:58.015Z","text":"Hello world!","clientId":"asdfp8734rew"}]
[INFO][rabbitmq.go:99]2019/07/01 16:08:58 [rabbitmq:Received a message:  [123 34 116 105 109 101 34 58 34 50 48 49 57 45 48 55 45 48 49 84 48 56 58 48 56 58 53 56 46 48 49 53 90 34 44 34 116 101 120 116 34 58 34 72 101 108 108 111 32 119 111 114 108 100 33 34 44 34 99 108 105 101 110 116 73 100 34 58 34 97 115 100 102 112 56 55 51 52 114 101 119 34 125]]
[INFO][ws.go:78]2019/07/01 16:08:58 [0xc0003a75f0]
[INFO][ws.go:79]2019/07/01 16:08:58 []
[INFO][rabbitmq.go:57]2019/07/01 16:08:59 [ [x] Sent  {"time":"2019-07-01T08:08:59.013Z","text":"Hello world!","clientId":"asdfp8734rew"}]
[INFO][rabbitmq.go:99]2019/07/01 16:08:59 [rabbitmq:Received a message:  [123 34 116 105 109 101 34 58 34 50 48 49 57 45 48 55 45 48 49 84 48 56 58 48 56 58 53 57 46 48 49 51 90 34 44 34 116 101 120 116 34 58 34 72 101 108 108 111 32 119 111 114 108 100 33 34 44 34 99 108 105 101 110 116 73 100 34 58 34 97 115 100 102 112 56 55 51 52 114 101 119 34 125]]
[INFO][ws.go:78]2019/07/01 16:08:59 [0xc0003a7650]
[INFO][ws.go:79]2019/07/01 16:08:59 []
[INFO][rabbitmq.go:57]2019/07/01 16:09:00 [ [x] Sent  {"time":"2019-07-01T08:09:00.020Z","text":"Hello world!","clientId":"asdfp8734rew"}]
[INFO][rabbitmq.go:99]2019/07/01 16:09:00 [rabbitmq:Received a message:  [123 34 116 105 109 101 34 58 34 50 48 49 57 45 48 55 45 48 49 84 48 56 58 48 57 58 48 48 46 48 50 48 90 34 44 34 116 101 120 116 34 58 34 72 101 108 108 111 32 119 111 114 108 100 33 34 44 34 99 108 105 101 110 116 73 100 34 58 34 97 115 100 102 112 56 55 51 52 114 101 119 34 125]]
[INFO][ws.go:78]2019/07/01 16:09:00 [0xc0003f2ba0]
[INFO][ws.go:79]2019/07/01 16:09:00 []
[INFO][rabbitmq.go:57]2019/07/01 16:09:01 [ [x] Sent  {"time":"2019-07-01T08:09:01.015Z","text":"Hello world!","clientId":"asdfp8734rew"}]
[INFO][rabbitmq.go:99]2019/07/01 16:09:01 [rabbitmq:Received a message:  [123 34 116 105 109 101 34 58 34 50 48 49 57 45 48 55 45 48 49 84 48 56 58 48 57 58 48 49 46 48 49 53 90 34 44 34 116 101 120 116 34 58 34 72 101 108 108 111 32 119 111 114 108 100 33 34 44 34 99 108 105 101 110 116 73 100 34 58 34 97 115 100 102 112 56 55 51 52 114 101 119 34 125]]
[INFO][ws.go:78]2019/07/01 16:09:01 [0xc0003f2c00]
[INFO][ws.go:79]2019/07/01 16:09:01 []
[INFO][rabbitmq.go:57]2019/07/01 16:09:02 [ [x] Sent  {"time":"2019-07-01T08:09:02.015Z","text":"Hello world!","clientId":"asdfp8734rew"}]
[INFO][rabbitmq.go:99]2019/07/01 16:09:02 [rabbitmq:Received a message:  [123 34 116 105 109 101 34 58 34 50 48 49 57 45 48 55 45 48 49 84 48 56 58 48 57 58 48 50 46 48 49 53 90 34 44 34 116 101 120 116 34 58 34 72 101 108 108 111 32 119 111 114 108 100 33 34 44 34 99 108 105 101 110 116 73 100 34 58 34 97 115 100 102 112 56 55 51 52 114 101 119 34 125]]
[INFO][ws.go:78]2019/07/01 16:09:02 [0xc0003f2f60]
[INFO][ws.go:79]2019/07/01 16:09:02 []
[INFO][rabbitmq.go:57]2019/07/01 16:09:03 [ [x] Sent  {"time":"2019-07-01T08:09:03.014Z","text":"Hello world!","clientId":"asdfp8734rew"}]
[INFO][rabbitmq.go:99]2019/07/01 16:09:03 [rabbitmq:Received a message:  [123 34 116 105 109 101 34 58 34 50 48 49 57 45 48 55 45 48 49 84 48 56 58 48 57 58 48 51 46 48 49 52 90 34 44 34 116 101 120 116 34 58 34 72 101 108 108 111 32 119 111 114 108 100 33 34 44 34 99 108 105 101 110 116 73 100 34 58 34 97 115 100 102 112 56 55 51 52 114 101 119 34 125]]
[INFO][ws.go:78]2019/07/01 16:09:03 [0xc0003f3260]
[INFO][ws.go:79]2019/07/01 16:09:03 []
[INFO][rabbitmq.go:57]2019/07/01 16:09:04 [ [x] Sent  {"time":"2019-07-01T08:09:04.014Z","text":"Hello world!","clientId":"asdfp8734rew"}]
[INFO][rabbitmq.go:99]2019/07/01 16:09:04 [rabbitmq:Received a message:  [123 34 116 105 109 101 34 58 34 50 48 49 57 45 48 55 45 48 49 84 48 56 58 48 57 58 48 52 46 48 49 52 90 34 44 34 116 101 120 116 34 58 34 72 101 108 108 111 32 119 111 114 108 100 33 34 44 34 99 108 105 101 110 116 73 100 34 58 34 97 115 100 102 112 56 55 51 52 114 101 119 34 125]]
[INFO][ws.go:78]2019/07/01 16:09:04 [0xc00035dd70]
[INFO][ws.go:79]2019/07/01 16:09:04 []
[INFO][rabbitmq.go:57]2019/07/01 16:09:05 [ [x] Sent  {"time":"2019-07-01T08:09:05.015Z","text":"Hello world!","clientId":"asdfp8734rew"}]
[INFO][rabbitmq.go:99]2019/07/01 16:09:05 [rabbitmq:Received a message:  [123 34 116 105 109 101 34 58 34 50 48 49 57 45 48 55 45 48 49 84 48 56 58 48 57 58 48 53 46 48 49 53 90 34 44 34 116 101 120 116 34 58 34 72 101 108 108 111 32 119 111 114 108 100 33 34 44 34 99 108 105 101 110 116 73 100 34 58 34 97 115 100 102 112 56 55 51 52 114 101 119 34 125]]
[INFO][ws.go:78]2019/07/01 16:09:05 [0xc0004680f0]
[INFO][ws.go:79]2019/07/01 16:09:05 []
[WARN][main.go:50]2019/07/01 16:09:08 [err.Key, err.Message]
[INFO][rabbitmq.go:122]2019/07/01 16:09:08 [ rabbitmq:[*] Waiting for messages. ]
[INFO][login.go:16]2019/07/01 16:09:27 [q]
[INFO][login.go:17]2019/07/01 16:09:27 []
[INFO][rabbitmq.go:57]2019/07/01 16:09:28 [ [x] Sent  {"time":"2019-07-01T08:09:28.262Z","text":"Hello world!","clientId":"asdfp8734rew"}]
[INFO][rabbitmq.go:99]2019/07/01 16:09:28 [rabbitmq:Received a message:  {"time":"2019-07-01T08:09:28.262Z","text":"Hello world!","clientId":"asdfp8734rew"}]
[INFO][ws.go:78]2019/07/01 16:09:28 [0xc000232f00]
[INFO][ws.go:79]2019/07/01 16:09:28 []
[INFO][rabbitmq.go:57]2019/07/01 16:09:29 [ [x] Sent  {"time":"2019-07-01T08:09:29.261Z","text":"Hello world!","clientId":"asdfp8734rew"}]
[INFO][rabbitmq.go:99]2019/07/01 16:09:29 [rabbitmq:Received a message:  {"time":"2019-07-01T08:09:29.261Z","text":"Hello world!","clientId":"asdfp8734rew"}]
[INFO][ws.go:78]2019/07/01 16:09:29 [0xc00017efc0]
[INFO][ws.go:79]2019/07/01 16:09:29 []
[INFO][rabbitmq.go:57]2019/07/01 16:09:30 [ [x] Sent  {"time":"2019-07-01T08:09:30.263Z","text":"Hello world!","clientId":"asdfp8734rew"}]
[INFO][rabbitmq.go:99]2019/07/01 16:09:30 [rabbitmq:Received a message:  {"time":"2019-07-01T08:09:30.263Z","text":"Hello world!","clientId":"asdfp8734rew"}]
[INFO][ws.go:78]2019/07/01 16:09:30 [0xc000233320]
[INFO][ws.go:79]2019/07/01 16:09:30 []
[INFO][rabbitmq.go:57]2019/07/01 16:09:31 [ [x] Sent  {"time":"2019-07-01T08:09:31.261Z","text":"Hello world!","clientId":"asdfp8734rew"}]
[INFO][rabbitmq.go:99]2019/07/01 16:09:31 [rabbitmq:Received a message:  {"time":"2019-07-01T08:09:31.261Z","text":"Hello world!","clientId":"asdfp8734rew"}]
[INFO][ws.go:78]2019/07/01 16:09:31 [0xc00017f020]
[INFO][ws.go:79]2019/07/01 16:09:31 []
[INFO][rabbitmq.go:57]2019/07/01 16:09:32 [ [x] Sent  {"time":"2019-07-01T08:09:32.262Z","text":"Hello world!","clientId":"asdfp8734rew"}]
[INFO][rabbitmq.go:99]2019/07/01 16:09:32 [rabbitmq:Received a message:  {"time":"2019-07-01T08:09:32.262Z","text":"Hello world!","clientId":"asdfp8734rew"}]
[INFO][ws.go:78]2019/07/01 16:09:32 [0xc00019b4a0]
[INFO][ws.go:79]2019/07/01 16:09:32 []
[INFO][rabbitmq.go:57]2019/07/01 16:09:33 [ [x] Sent  {"time":"2019-07-01T08:09:33.261Z","text":"Hello world!","clientId":"asdfp8734rew"}]
[INFO][rabbitmq.go:99]2019/07/01 16:09:33 [rabbitmq:Received a message:  {"time":"2019-07-01T08:09:33.261Z","text":"Hello world!","clientId":"asdfp8734rew"}]
[INFO][ws.go:78]2019/07/01 16:09:33 [0xc0002336b0]
[INFO][ws.go:79]2019/07/01 16:09:33 []
[INFO][rabbitmq.go:57]2019/07/01 16:09:34 [ [x] Sent  {"time":"2019-07-01T08:09:34.261Z","text":"Hello world!","clientId":"asdfp8734rew"}]
[INFO][rabbitmq.go:99]2019/07/01 16:09:34 [rabbitmq:Received a message:  {"time":"2019-07-01T08:09:34.261Z","text":"Hello world!","clientId":"asdfp8734rew"}]
[INFO][ws.go:78]2019/07/01 16:09:34 [0xc00017f6e0]
[INFO][ws.go:79]2019/07/01 16:09:34 []
[INFO][rabbitmq.go:57]2019/07/01 16:09:35 [ [x] Sent  {"time":"2019-07-01T08:09:35.263Z","text":"Hello world!","clientId":"asdfp8734rew"}]
[INFO][rabbitmq.go:99]2019/07/01 16:09:35 [rabbitmq:Received a message:  {"time":"2019-07-01T08:09:35.263Z","text":"Hello world!","clientId":"asdfp8734rew"}]
[INFO][ws.go:78]2019/07/01 16:09:35 [0xc00019b830]
[INFO][ws.go:79]2019/07/01 16:09:35 []
[INFO][rabbitmq.go:57]2019/07/01 16:09:36 [ [x] Sent  {"time":"2019-07-01T08:09:36.261Z","text":"Hello world!","clientId":"asdfp8734rew"}]
[INFO][rabbitmq.go:99]2019/07/01 16:09:36 [rabbitmq:Received a message:  {"time":"2019-07-01T08:09:36.261Z","text":"Hello world!","clientId":"asdfp8734rew"}]
[INFO][ws.go:78]2019/07/01 16:09:36 [0xc00019bb00]
[INFO][ws.go:79]2019/07/01 16:09:36 []
[INFO][rabbitmq.go:57]2019/07/01 16:09:37 [ [x] Sent  {"time":"2019-07-01T08:09:37.263Z","text":"Hello world!","clientId":"asdfp8734rew"}]
[INFO][rabbitmq.go:99]2019/07/01 16:09:37 [rabbitmq:Received a message:  {"time":"2019-07-01T08:09:37.263Z","text":"Hello world!","clientId":"asdfp8734rew"}]
[INFO][ws.go:78]2019/07/01 16:09:37 [0xc00017fa40]
[INFO][ws.go:79]2019/07/01 16:09:37 []
[INFO][rabbitmq.go:57]2019/07/01 16:09:38 [ [x] Sent  {"time":"2019-07-01T08:09:38.261Z","text":"Hello world!","clientId":"asdfp8734rew"}]
[INFO][rabbitmq.go:99]2019/07/01 16:09:38 [rabbitmq:Received a message:  {"time":"2019-07-01T08:09:38.261Z","text":"Hello world!","clientId":"asdfp8734rew"}]
[INFO][ws.go:78]2019/07/01 16:09:38 [0xc00017fb60]
[INFO][ws.go:79]2019/07/01 16:09:38 []
[INFO][rabbitmq.go:57]2019/07/01 16:09:39 [ [x] Sent  {"time":"2019-07-01T08:09:39.263Z","text":"Hello world!","clientId":"asdfp8734rew"}]
[INFO][rabbitmq.go:99]2019/07/01 16:09:39 [rabbitmq:Received a message:  {"time":"2019-07-01T08:09:39.263Z","text":"Hello world!","clientId":"asdfp8734rew"}]
[INFO][ws.go:78]2019/07/01 16:09:39 [0xc0001a0c30]
[INFO][ws.go:79]2019/07/01 16:09:39 []
[INFO][rabbitmq.go:57]2019/07/01 16:09:40 [ [x] Sent  {"time":"2019-07-01T08:09:40.263Z","text":"Hello world!","clientId":"asdfp8734rew"}]
[INFO][rabbitmq.go:99]2019/07/01 16:09:40 [rabbitmq:Received a message:  {"time":"2019-07-01T08:09:40.263Z","text":"Hello world!","clientId":"asdfp8734rew"}]
[INFO][ws.go:78]2019/07/01 16:09:40 [0xc0001a0d20]
[INFO][ws.go:79]2019/07/01 16:09:40 []
[INFO][rabbitmq.go:57]2019/07/01 16:09:41 [ [x] Sent  {"time":"2019-07-01T08:09:41.262Z","text":"Hello world!","clientId":"asdfp8734rew"}]
[INFO][rabbitmq.go:99]2019/07/01 16:09:41 [rabbitmq:Received a message:  {"time":"2019-07-01T08:09:41.262Z","text":"Hello world!","clientId":"asdfp8734rew"}]
[INFO][ws.go:78]2019/07/01 16:09:41 [0xc0001a1080]
[INFO][ws.go:79]2019/07/01 16:09:41 []
[INFO][rabbitmq.go:57]2019/07/01 16:09:42 [ [x] Sent  {"time":"2019-07-01T08:09:42.262Z","text":"Hello world!","clientId":"asdfp8734rew"}]
[INFO][rabbitmq.go:99]2019/07/01 16:09:42 [rabbitmq:Received a message:  {"time":"2019-07-01T08:09:42.262Z","text":"Hello world!","clientId":"asdfp8734rew"}]
[INFO][ws.go:78]2019/07/01 16:09:42 [0xc000233d40]
[INFO][ws.go:79]2019/07/01 16:09:42 []
[INFO][rabbitmq.go:57]2019/07/01 16:09:43 [ [x] Sent  {"time":"2019-07-01T08:09:43.262Z","text":"Hello world!","clientId":"asdfp8734rew"}]
[INFO][rabbitmq.go:99]2019/07/01 16:09:43 [rabbitmq:Received a message:  {"time":"2019-07-01T08:09:43.262Z","text":"Hello world!","clientId":"asdfp8734rew"}]
[INFO][ws.go:78]2019/07/01 16:09:43 [0xc00017fc80]
[INFO][ws.go:79]2019/07/01 16:09:43 []
[INFO][rabbitmq.go:57]2019/07/01 16:09:44 [ [x] Sent  {"time":"2019-07-01T08:09:44.262Z","text":"Hello world!","clientId":"asdfp8734rew"}]
[INFO][rabbitmq.go:99]2019/07/01 16:09:44 [rabbitmq:Received a message:  {"time":"2019-07-01T08:09:44.262Z","text":"Hello world!","clientId":"asdfp8734rew"}]
[INFO][ws.go:78]2019/07/01 16:09:44 [0xc00017fce0]
[INFO][ws.go:79]2019/07/01 16:09:44 []
[INFO][rabbitmq.go:57]2019/07/01 16:09:45 [ [x] Sent  {"time":"2019-07-01T08:09:45.261Z","text":"Hello world!","clientId":"asdfp8734rew"}]
[INFO][rabbitmq.go:99]2019/07/01 16:09:45 [rabbitmq:Received a message:  {"time":"2019-07-01T08:09:45.261Z","text":"Hello world!","clientId":"asdfp8734rew"}]
[INFO][ws.go:78]2019/07/01 16:09:45 [0xc00017fd40]
[INFO][ws.go:79]2019/07/01 16:09:45 []
[INFO][rabbitmq.go:57]2019/07/01 16:09:46 [ [x] Sent  {"time":"2019-07-01T08:09:46.262Z","text":"Hello world!","clientId":"asdfp8734rew"}]
[INFO][rabbitmq.go:99]2019/07/01 16:09:46 [rabbitmq:Received a message:  {"time":"2019-07-01T08:09:46.262Z","text":"Hello world!","clientId":"asdfp8734rew"}]
[INFO][ws.go:78]2019/07/01 16:09:46 [0xc00034c1b0]
[INFO][ws.go:79]2019/07/01 16:09:46 []
[INFO][rabbitmq.go:57]2019/07/01 16:09:47 [ [x] Sent  {"time":"2019-07-01T08:09:47.261Z","text":"Hello world!","clientId":"asdfp8734rew"}]
[INFO][rabbitmq.go:99]2019/07/01 16:09:47 [rabbitmq:Received a message:  {"time":"2019-07-01T08:09:47.261Z","text":"Hello world!","clientId":"asdfp8734rew"}]
[INFO][ws.go:78]2019/07/01 16:09:47 [0xc0001a1a10]
[INFO][ws.go:79]2019/07/01 16:09:47 []
[INFO][rabbitmq.go:57]2019/07/01 16:09:48 [ [x] Sent  {"time":"2019-07-01T08:09:48.261Z","text":"Hello world!","clientId":"asdfp8734rew"}]
[INFO][rabbitmq.go:99]2019/07/01 16:09:48 [rabbitmq:Received a message:  {"time":"2019-07-01T08:09:48.261Z","text":"Hello world!","clientId":"asdfp8734rew"}]
[INFO][ws.go:78]2019/07/01 16:09:48 [0xc0001a1aa0]
[INFO][ws.go:79]2019/07/01 16:09:48 []
[INFO][rabbitmq.go:57]2019/07/01 16:09:49 [ [x] Sent  {"time":"2019-07-01T08:09:49.263Z","text":"Hello world!","clientId":"asdfp8734rew"}]
[INFO][rabbitmq.go:99]2019/07/01 16:09:49 [rabbitmq:Received a message:  {"time":"2019-07-01T08:09:49.263Z","text":"Hello world!","clientId":"asdfp8734rew"}]
[INFO][ws.go:78]2019/07/01 16:09:49 [0xc0001a1b00]
[INFO][ws.go:79]2019/07/01 16:09:49 []
[INFO][rabbitmq.go:57]2019/07/01 16:09:50 [ [x] Sent  {"time":"2019-07-01T08:09:50.261Z","text":"Hello world!","clientId":"asdfp8734rew"}]
[INFO][rabbitmq.go:99]2019/07/01 16:09:50 [rabbitmq:Received a message:  {"time":"2019-07-01T08:09:50.261Z","text":"Hello world!","clientId":"asdfp8734rew"}]
[INFO][ws.go:78]2019/07/01 16:09:50 [0xc000366240]
[INFO][ws.go:79]2019/07/01 16:09:50 []
[INFO][rabbitmq.go:57]2019/07/01 16:09:51 [ [x] Sent  {"time":"2019-07-01T08:09:51.263Z","text":"Hello world!","clientId":"asdfp8734rew"}]
[INFO][rabbitmq.go:99]2019/07/01 16:09:51 [rabbitmq:Received a message:  {"time":"2019-07-01T08:09:51.263Z","text":"Hello world!","clientId":"asdfp8734rew"}]
[INFO][ws.go:78]2019/07/01 16:09:51 [0xc00034c720]
[INFO][ws.go:79]2019/07/01 16:09:51 []
[INFO][rabbitmq.go:57]2019/07/01 16:09:52 [ [x] Sent  {"time":"2019-07-01T08:09:52.262Z","text":"Hello world!","clientId":"asdfp8734rew"}]
[INFO][rabbitmq.go:99]2019/07/01 16:09:52 [rabbitmq:Received a message:  {"time":"2019-07-01T08:09:52.262Z","text":"Hello world!","clientId":"asdfp8734rew"}]
[INFO][ws.go:78]2019/07/01 16:09:52 [0xc0003705a0]
[INFO][ws.go:79]2019/07/01 16:09:52 []
[INFO][rabbitmq.go:57]2019/07/01 16:09:53 [ [x] Sent  {"time":"2019-07-01T08:09:53.262Z","text":"Hello world!","clientId":"asdfp8734rew"}]
[INFO][rabbitmq.go:99]2019/07/01 16:09:53 [rabbitmq:Received a message:  {"time":"2019-07-01T08:09:53.262Z","text":"Hello world!","clientId":"asdfp8734rew"}]
[INFO][ws.go:78]2019/07/01 16:09:53 [0xc000366330]
[INFO][ws.go:79]2019/07/01 16:09:53 []
[INFO][rabbitmq.go:57]2019/07/01 16:09:54 [ [x] Sent  {"time":"2019-07-01T08:09:54.262Z","text":"Hello world!","clientId":"asdfp8734rew"}]
[INFO][rabbitmq.go:99]2019/07/01 16:09:54 [rabbitmq:Received a message:  {"time":"2019-07-01T08:09:54.262Z","text":"Hello world!","clientId":"asdfp8734rew"}]
[INFO][ws.go:78]2019/07/01 16:09:54 [0xc00034cea0]
[INFO][ws.go:79]2019/07/01 16:09:54 []
[INFO][rabbitmq.go:57]2019/07/01 16:09:55 [ [x] Sent  {"time":"2019-07-01T08:09:55.263Z","text":"Hello world!","clientId":"asdfp8734rew"}]
[INFO][rabbitmq.go:99]2019/07/01 16:09:55 [rabbitmq:Received a message:  {"time":"2019-07-01T08:09:55.263Z","text":"Hello world!","clientId":"asdfp8734rew"}]
[INFO][ws.go:78]2019/07/01 16:09:55 [0xc000366420]
[INFO][ws.go:79]2019/07/01 16:09:55 []
[INFO][rabbitmq.go:57]2019/07/01 16:09:56 [ [x] Sent  {"time":"2019-07-01T08:09:56.263Z","text":"Hello world!","clientId":"asdfp8734rew"}]
[INFO][rabbitmq.go:99]2019/07/01 16:09:56 [rabbitmq:Received a message:  {"time":"2019-07-01T08:09:56.263Z","text":"Hello world!","clientId":"asdfp8734rew"}]
[INFO][ws.go:78]2019/07/01 16:09:56 [0xc0003c6210]
[INFO][ws.go:79]2019/07/01 16:09:56 []
[INFO][rabbitmq.go:57]2019/07/01 16:09:57 [ [x] Sent  {"time":"2019-07-01T08:09:57.261Z","text":"Hello world!","clientId":"asdfp8734rew"}]
[INFO][rabbitmq.go:99]2019/07/01 16:09:57 [rabbitmq:Received a message:  {"time":"2019-07-01T08:09:57.261Z","text":"Hello world!","clientId":"asdfp8734rew"}]
[INFO][ws.go:78]2019/07/01 16:09:57 [0xc0003c62a0]
[INFO][ws.go:79]2019/07/01 16:09:57 []
[INFO][rabbitmq.go:57]2019/07/01 16:09:58 [ [x] Sent  {"time":"2019-07-01T08:09:58.263Z","text":"Hello world!","clientId":"asdfp8734rew"}]
[INFO][rabbitmq.go:99]2019/07/01 16:09:58 [rabbitmq:Received a message:  {"time":"2019-07-01T08:09:58.263Z","text":"Hello world!","clientId":"asdfp8734rew"}]
[INFO][ws.go:78]2019/07/01 16:09:58 [0xc00034cf00]
[INFO][ws.go:79]2019/07/01 16:09:58 []
[INFO][rabbitmq.go:57]2019/07/01 16:09:59 [ [x] Sent  {"time":"2019-07-01T08:09:59.261Z","text":"Hello world!","clientId":"asdfp8734rew"}]
[INFO][rabbitmq.go:99]2019/07/01 16:09:59 [rabbitmq:Received a message:  {"time":"2019-07-01T08:09:59.261Z","text":"Hello world!","clientId":"asdfp8734rew"}]
[INFO][ws.go:78]2019/07/01 16:09:59 [0xc0003708d0]
[INFO][ws.go:79]2019/07/01 16:09:59 []
[INFO][rabbitmq.go:57]2019/07/01 16:10:00 [ [x] Sent  {"time":"2019-07-01T08:10:00.262Z","text":"Hello world!","clientId":"asdfp8734rew"}]
[INFO][rabbitmq.go:99]2019/07/01 16:10:00 [rabbitmq:Received a message:  {"time":"2019-07-01T08:10:00.262Z","text":"Hello world!","clientId":"asdfp8734rew"}]
[INFO][ws.go:78]2019/07/01 16:10:00 [0xc000370bd0]
[INFO][ws.go:79]2019/07/01 16:10:00 []
[INFO][rabbitmq.go:57]2019/07/01 16:10:01 [ [x] Sent  {"time":"2019-07-01T08:10:01.263Z","text":"Hello world!","clientId":"asdfp8734rew"}]
[INFO][rabbitmq.go:99]2019/07/01 16:10:01 [rabbitmq:Received a message:  {"time":"2019-07-01T08:10:01.263Z","text":"Hello world!","clientId":"asdfp8734rew"}]
[INFO][ws.go:78]2019/07/01 16:10:01 [0xc00034d200]
[INFO][ws.go:79]2019/07/01 16:10:01 []
[INFO][rabbitmq.go:57]2019/07/01 16:10:02 [ [x] Sent  {"time":"2019-07-01T08:10:02.262Z","text":"Hello world!","clientId":"asdfp8734rew"}]
[INFO][rabbitmq.go:99]2019/07/01 16:10:02 [rabbitmq:Received a message:  {"time":"2019-07-01T08:10:02.262Z","text":"Hello world!","clientId":"asdfp8734rew"}]
[INFO][ws.go:78]2019/07/01 16:10:02 [0xc00034d260]
[INFO][ws.go:79]2019/07/01 16:10:02 []
[INFO][rabbitmq.go:57]2019/07/01 16:10:03 [ [x] Sent  {"time":"2019-07-01T08:10:03.263Z","text":"Hello world!","clientId":"asdfp8734rew"}]
[INFO][rabbitmq.go:99]2019/07/01 16:10:03 [rabbitmq:Received a message:  {"time":"2019-07-01T08:10:03.263Z","text":"Hello world!","clientId":"asdfp8734rew"}]
[INFO][ws.go:78]2019/07/01 16:10:03 [0xc00034d2c0]
[INFO][ws.go:79]2019/07/01 16:10:03 []
[INFO][rabbitmq.go:57]2019/07/01 16:10:04 [ [x] Sent  {"time":"2019-07-01T08:10:04.261Z","text":"Hello world!","clientId":"asdfp8734rew"}]
[INFO][rabbitmq.go:99]2019/07/01 16:10:04 [rabbitmq:Received a message:  {"time":"2019-07-01T08:10:04.261Z","text":"Hello world!","clientId":"asdfp8734rew"}]
[INFO][ws.go:78]2019/07/01 16:10:04 [0xc00034d320]
[INFO][ws.go:79]2019/07/01 16:10:04 []
[INFO][rabbitmq.go:57]2019/07/01 16:10:05 [ [x] Sent  {"time":"2019-07-01T08:10:05.263Z","text":"Hello world!","clientId":"asdfp8734rew"}]
[INFO][rabbitmq.go:99]2019/07/01 16:10:05 [rabbitmq:Received a message:  {"time":"2019-07-01T08:10:05.263Z","text":"Hello world!","clientId":"asdfp8734rew"}]
[INFO][ws.go:78]2019/07/01 16:10:05 [0xc000366e70]
[INFO][ws.go:79]2019/07/01 16:10:05 []
[INFO][rabbitmq.go:57]2019/07/01 16:10:06 [ [x] Sent  {"time":"2019-07-01T08:10:06.261Z","text":"Hello world!","clientId":"asdfp8734rew"}]
[INFO][rabbitmq.go:99]2019/07/01 16:10:06 [rabbitmq:Received a message:  {"time":"2019-07-01T08:10:06.261Z","text":"Hello world!","clientId":"asdfp8734rew"}]
[INFO][ws.go:78]2019/07/01 16:10:06 [0xc000367140]
[INFO][ws.go:79]2019/07/01 16:10:06 []
[INFO][rabbitmq.go:57]2019/07/01 16:10:07 [ [x] Sent  {"time":"2019-07-01T08:10:07.263Z","text":"Hello world!","clientId":"asdfp8734rew"}]
[INFO][rabbitmq.go:99]2019/07/01 16:10:07 [rabbitmq:Received a message:  {"time":"2019-07-01T08:10:07.263Z","text":"Hello world!","clientId":"asdfp8734rew"}]
[INFO][ws.go:78]2019/07/01 16:10:07 [0xc000367440]
[INFO][ws.go:79]2019/07/01 16:10:07 []
[INFO][rabbitmq.go:57]2019/07/01 16:10:08 [ [x] Sent  {"time":"2019-07-01T08:10:08.263Z","text":"Hello world!","clientId":"asdfp8734rew"}]
[INFO][rabbitmq.go:99]2019/07/01 16:10:08 [rabbitmq:Received a message:  {"time":"2019-07-01T08:10:08.263Z","text":"Hello world!","clientId":"asdfp8734rew"}]
[INFO][ws.go:78]2019/07/01 16:10:08 [0xc0003c65a0]
[INFO][ws.go:79]2019/07/01 16:10:08 []
[INFO][rabbitmq.go:57]2019/07/01 16:10:09 [ [x] Sent  {"time":"2019-07-01T08:10:09.261Z","text":"Hello world!","clientId":"asdfp8734rew"}]
[INFO][rabbitmq.go:99]2019/07/01 16:10:09 [rabbitmq:Received a message:  {"time":"2019-07-01T08:10:09.261Z","text":"Hello world!","clientId":"asdfp8734rew"}]
[INFO][ws.go:78]2019/07/01 16:10:09 [0xc00034d5f0]
[INFO][ws.go:79]2019/07/01 16:10:09 []
[INFO][rabbitmq.go:57]2019/07/01 16:10:10 [ [x] Sent  {"time":"2019-07-01T08:10:10.263Z","text":"Hello world!","clientId":"asdfp8734rew"}]
[INFO][rabbitmq.go:99]2019/07/01 16:10:10 [rabbitmq:Received a message:  {"time":"2019-07-01T08:10:10.263Z","text":"Hello world!","clientId":"asdfp8734rew"}]
[INFO][ws.go:78]2019/07/01 16:10:10 [0xc00034d650]
[INFO][ws.go:79]2019/07/01 16:10:10 []
[INFO][rabbitmq.go:57]2019/07/01 16:10:11 [ [x] Sent  {"time":"2019-07-01T08:10:11.262Z","text":"Hello world!","clientId":"asdfp8734rew"}]
[INFO][rabbitmq.go:99]2019/07/01 16:10:11 [rabbitmq:Received a message:  {"time":"2019-07-01T08:10:11.262Z","text":"Hello world!","clientId":"asdfp8734rew"}]
[INFO][ws.go:78]2019/07/01 16:10:11 [0xc0003c6750]
[INFO][ws.go:79]2019/07/01 16:10:11 []
[INFO][rabbitmq.go:57]2019/07/01 16:10:12 [ [x] Sent  {"time":"2019-07-01T08:10:12.263Z","text":"Hello world!","clientId":"asdfp8734rew"}]
[INFO][rabbitmq.go:99]2019/07/01 16:10:12 [rabbitmq:Received a message:  {"time":"2019-07-01T08:10:12.263Z","text":"Hello world!","clientId":"asdfp8734rew"}]
[INFO][ws.go:78]2019/07/01 16:10:12 [0xc00034d9e0]
[INFO][ws.go:79]2019/07/01 16:10:12 []
[INFO][rabbitmq.go:57]2019/07/01 16:10:13 [ [x] Sent  {"time":"2019-07-01T08:10:13.261Z","text":"Hello world!","clientId":"asdfp8734rew"}]
[INFO][rabbitmq.go:99]2019/07/01 16:10:13 [rabbitmq:Received a message:  {"time":"2019-07-01T08:10:13.261Z","text":"Hello world!","clientId":"asdfp8734rew"}]
[INFO][ws.go:78]2019/07/01 16:10:13 [0xc000367e00]
[INFO][ws.go:79]2019/07/01 16:10:13 []
[INFO][rabbitmq.go:57]2019/07/01 16:10:14 [ [x] Sent  {"time":"2019-07-01T08:10:14.263Z","text":"Hello world!","clientId":"asdfp8734rew"}]
[INFO][rabbitmq.go:99]2019/07/01 16:10:14 [rabbitmq:Received a message:  {"time":"2019-07-01T08:10:14.263Z","text":"Hello world!","clientId":"asdfp8734rew"}]
[INFO][ws.go:78]2019/07/01 16:10:14 [0xc00034dce0]
[INFO][ws.go:79]2019/07/01 16:10:14 []
[INFO][rabbitmq.go:57]2019/07/01 16:10:15 [ [x] Sent  {"time":"2019-07-01T08:10:15.263Z","text":"Hello world!","clientId":"asdfp8734rew"}]
[INFO][rabbitmq.go:99]2019/07/01 16:10:15 [rabbitmq:Received a message:  {"time":"2019-07-01T08:10:15.263Z","text":"Hello world!","clientId":"asdfp8734rew"}]
[INFO][ws.go:78]2019/07/01 16:10:15 [0xc0003c67e0]
[INFO][ws.go:79]2019/07/01 16:10:15 []
[INFO][rabbitmq.go:57]2019/07/01 16:10:16 [ [x] Sent  {"time":"2019-07-01T08:10:16.262Z","text":"Hello world!","clientId":"asdfp8734rew"}]
[INFO][rabbitmq.go:99]2019/07/01 16:10:16 [rabbitmq:Received a message:  {"time":"2019-07-01T08:10:16.262Z","text":"Hello world!","clientId":"asdfp8734rew"}]
[INFO][ws.go:78]2019/07/01 16:10:16 [0xc000452030]
[INFO][ws.go:79]2019/07/01 16:10:16 []
[INFO][rabbitmq.go:57]2019/07/01 16:10:17 [ [x] Sent  {"time":"2019-07-01T08:10:17.263Z","text":"Hello world!","clientId":"asdfp8734rew"}]
[INFO][rabbitmq.go:99]2019/07/01 16:10:17 [rabbitmq:Received a message:  {"time":"2019-07-01T08:10:17.263Z","text":"Hello world!","clientId":"asdfp8734rew"}]
[INFO][ws.go:78]2019/07/01 16:10:17 [0xc000371890]
[INFO][ws.go:79]2019/07/01 16:10:17 []
[INFO][rabbitmq.go:57]2019/07/01 16:10:18 [ [x] Sent  {"time":"2019-07-01T08:10:18.261Z","text":"Hello world!","clientId":"asdfp8734rew"}]
[INFO][rabbitmq.go:99]2019/07/01 16:10:18 [rabbitmq:Received a message:  {"time":"2019-07-01T08:10:18.261Z","text":"Hello world!","clientId":"asdfp8734rew"}]
[INFO][ws.go:78]2019/07/01 16:10:18 [0xc000371b90]
[INFO][ws.go:79]2019/07/01 16:10:18 []
[INFO][rabbitmq.go:57]2019/07/01 16:10:19 [ [x] Sent  {"time":"2019-07-01T08:10:19.263Z","text":"Hello world!","clientId":"asdfp8734rew"}]
[INFO][rabbitmq.go:99]2019/07/01 16:10:19 [rabbitmq:Received a message:  {"time":"2019-07-01T08:10:19.263Z","text":"Hello world!","clientId":"asdfp8734rew"}]
[INFO][ws.go:78]2019/07/01 16:10:19 [0xc000452660]
[INFO][ws.go:79]2019/07/01 16:10:19 []
[INFO][rabbitmq.go:57]2019/07/01 16:10:20 [ [x] Sent  {"time":"2019-07-01T08:10:20.262Z","text":"Hello world!","clientId":"asdfp8734rew"}]
[INFO][rabbitmq.go:99]2019/07/01 16:10:20 [rabbitmq:Received a message:  {"time":"2019-07-01T08:10:20.262Z","text":"Hello world!","clientId":"asdfp8734rew"}]
[INFO][ws.go:78]2019/07/01 16:10:20 [0xc0003c6bd0]
[INFO][ws.go:79]2019/07/01 16:10:20 []
[INFO][rabbitmq.go:57]2019/07/01 16:10:21 [ [x] Sent  {"time":"2019-07-01T08:10:21.263Z","text":"Hello world!","clientId":"asdfp8734rew"}]
[INFO][rabbitmq.go:99]2019/07/01 16:10:21 [rabbitmq:Received a message:  {"time":"2019-07-01T08:10:21.263Z","text":"Hello world!","clientId":"asdfp8734rew"}]
[INFO][ws.go:78]2019/07/01 16:10:21 [0xc0003c6c30]
[INFO][ws.go:79]2019/07/01 16:10:21 []
[INFO][rabbitmq.go:57]2019/07/01 16:10:22 [ [x] Sent  {"time":"2019-07-01T08:10:22.262Z","text":"Hello world!","clientId":"asdfp8734rew"}]
[INFO][rabbitmq.go:99]2019/07/01 16:10:22 [rabbitmq:Received a message:  {"time":"2019-07-01T08:10:22.262Z","text":"Hello world!","clientId":"asdfp8734rew"}]
[INFO][ws.go:78]2019/07/01 16:10:22 [0xc000072bd0]
[INFO][ws.go:79]2019/07/01 16:10:22 []
[INFO][rabbitmq.go:57]2019/07/01 16:10:23 [ [x] Sent  {"time":"2019-07-01T08:10:23.262Z","text":"Hello world!","clientId":"asdfp8734rew"}]
[INFO][rabbitmq.go:99]2019/07/01 16:10:23 [rabbitmq:Received a message:  {"time":"2019-07-01T08:10:23.262Z","text":"Hello world!","clientId":"asdfp8734rew"}]
[INFO][ws.go:78]2019/07/01 16:10:23 [0xc000073590]
[INFO][ws.go:79]2019/07/01 16:10:23 []
[INFO][rabbitmq.go:57]2019/07/01 16:10:24 [ [x] Sent  {"time":"2019-07-01T08:10:24.263Z","text":"Hello world!","clientId":"asdfp8734rew"}]
[INFO][rabbitmq.go:99]2019/07/01 16:10:24 [rabbitmq:Received a message:  {"time":"2019-07-01T08:10:24.263Z","text":"Hello world!","clientId":"asdfp8734rew"}]
[INFO][ws.go:78]2019/07/01 16:10:24 [0xc00019a210]
[INFO][ws.go:79]2019/07/01 16:10:24 []
[INFO][rabbitmq.go:57]2019/07/01 16:10:25 [ [x] Sent  {"time":"2019-07-01T08:10:25.261Z","text":"Hello world!","clientId":"asdfp8734rew"}]
[INFO][rabbitmq.go:99]2019/07/01 16:10:25 [rabbitmq:Received a message:  {"time":"2019-07-01T08:10:25.261Z","text":"Hello world!","clientId":"asdfp8734rew"}]
[INFO][ws.go:78]2019/07/01 16:10:25 [0xc000073ce0]
[INFO][ws.go:79]2019/07/01 16:10:25 []
[INFO][rabbitmq.go:57]2019/07/01 16:10:26 [ [x] Sent  {"time":"2019-07-01T08:10:26.262Z","text":"Hello world!","clientId":"asdfp8734rew"}]
[INFO][rabbitmq.go:99]2019/07/01 16:10:26 [rabbitmq:Received a message:  {"time":"2019-07-01T08:10:26.262Z","text":"Hello world!","clientId":"asdfp8734rew"}]
[INFO][ws.go:78]2019/07/01 16:10:26 [0xc0001a0660]
[INFO][ws.go:79]2019/07/01 16:10:26 []
[INFO][rabbitmq.go:57]2019/07/01 16:10:27 [ [x] Sent  {"time":"2019-07-01T08:10:27.261Z","text":"Hello world!","clientId":"asdfp8734rew"}]
[INFO][rabbitmq.go:99]2019/07/01 16:10:27 [rabbitmq:Received a message:  {"time":"2019-07-01T08:10:27.261Z","text":"Hello world!","clientId":"asdfp8734rew"}]
[INFO][ws.go:78]2019/07/01 16:10:27 [0xc0001a0990]
[INFO][ws.go:79]2019/07/01 16:10:27 []
[INFO][rabbitmq.go:57]2019/07/01 16:10:28 [ [x] Sent  {"time":"2019-07-01T08:10:28.263Z","text":"Hello world!","clientId":"asdfp8734rew"}]
[INFO][rabbitmq.go:99]2019/07/01 16:10:28 [rabbitmq:Received a message:  {"time":"2019-07-01T08:10:28.263Z","text":"Hello world!","clientId":"asdfp8734rew"}]
[INFO][ws.go:78]2019/07/01 16:10:28 [0xc0001a0c90]
[INFO][ws.go:79]2019/07/01 16:10:28 []
[INFO][rabbitmq.go:57]2019/07/01 16:10:29 [ [x] Sent  {"time":"2019-07-01T08:10:29.261Z","text":"Hello world!","clientId":"asdfp8734rew"}]
[INFO][rabbitmq.go:99]2019/07/01 16:10:29 [rabbitmq:Received a message:  {"time":"2019-07-01T08:10:29.261Z","text":"Hello world!","clientId":"asdfp8734rew"}]
[INFO][ws.go:78]2019/07/01 16:10:29 [0xc00019acc0]
[INFO][ws.go:79]2019/07/01 16:10:29 []
[INFO][rabbitmq.go:57]2019/07/01 16:10:30 [ [x] Sent  {"time":"2019-07-01T08:10:30.262Z","text":"Hello world!","clientId":"asdfp8734rew"}]
[INFO][rabbitmq.go:99]2019/07/01 16:10:30 [rabbitmq:Received a message:  {"time":"2019-07-01T08:10:30.262Z","text":"Hello world!","clientId":"asdfp8734rew"}]
[INFO][ws.go:78]2019/07/01 16:10:30 [0xc0001a1080]
[INFO][ws.go:79]2019/07/01 16:10:30 []
[INFO][rabbitmq.go:57]2019/07/01 16:10:31 [ [x] Sent  {"time":"2019-07-01T08:10:31.263Z","text":"Hello world!","clientId":"asdfp8734rew"}]
[INFO][rabbitmq.go:99]2019/07/01 16:10:31 [rabbitmq:Received a message:  {"time":"2019-07-01T08:10:31.263Z","text":"Hello world!","clientId":"asdfp8734rew"}]
[INFO][ws.go:78]2019/07/01 16:10:31 [0xc00019ad20]
[INFO][ws.go:79]2019/07/01 16:10:31 []
[INFO][rabbitmq.go:57]2019/07/01 16:10:32 [ [x] Sent  {"time":"2019-07-01T08:10:32.262Z","text":"Hello world!","clientId":"asdfp8734rew"}]
[INFO][rabbitmq.go:99]2019/07/01 16:10:32 [rabbitmq:Received a message:  {"time":"2019-07-01T08:10:32.262Z","text":"Hello world!","clientId":"asdfp8734rew"}]
[INFO][ws.go:78]2019/07/01 16:10:32 [0xc00017f2c0]
[INFO][ws.go:79]2019/07/01 16:10:32 []
[INFO][rabbitmq.go:57]2019/07/01 16:10:33 [ [x] Sent  {"time":"2019-07-01T08:10:33.263Z","text":"Hello world!","clientId":"asdfp8734rew"}]
[INFO][rabbitmq.go:99]2019/07/01 16:10:33 [rabbitmq:Received a message:  {"time":"2019-07-01T08:10:33.263Z","text":"Hello world!","clientId":"asdfp8734rew"}]
[INFO][ws.go:78]2019/07/01 16:10:33 [0xc00017f530]
[INFO][ws.go:79]2019/07/01 16:10:33 []
[INFO][rabbitmq.go:57]2019/07/01 16:10:34 [ [x] Sent  {"time":"2019-07-01T08:10:34.262Z","text":"Hello world!","clientId":"asdfp8734rew"}]
[INFO][rabbitmq.go:99]2019/07/01 16:10:34 [rabbitmq:Received a message:  {"time":"2019-07-01T08:10:34.262Z","text":"Hello world!","clientId":"asdfp8734rew"}]
[INFO][ws.go:78]2019/07/01 16:10:34 [0xc0003c6060]
[INFO][ws.go:79]2019/07/01 16:10:34 []
[INFO][rabbitmq.go:57]2019/07/01 16:10:35 [ [x] Sent  {"time":"2019-07-01T08:10:35.262Z","text":"Hello world!","clientId":"asdfp8734rew"}]
[INFO][rabbitmq.go:99]2019/07/01 16:10:35 [rabbitmq:Received a message:  {"time":"2019-07-01T08:10:35.262Z","text":"Hello world!","clientId":"asdfp8734rew"}]
[INFO][ws.go:78]2019/07/01 16:10:35 [0xc0001a14a0]
[INFO][ws.go:79]2019/07/01 16:10:35 []
[INFO][rabbitmq.go:57]2019/07/01 16:10:36 [ [x] Sent  {"time":"2019-07-01T08:10:36.262Z","text":"Hello world!","clientId":"asdfp8734rew"}]
[INFO][rabbitmq.go:99]2019/07/01 16:10:36 [rabbitmq:Received a message:  {"time":"2019-07-01T08:10:36.262Z","text":"Hello world!","clientId":"asdfp8734rew"}]
[INFO][ws.go:78]2019/07/01 16:10:36 [0xc0001a1590]
[INFO][ws.go:79]2019/07/01 16:10:36 []
[INFO][rabbitmq.go:57]2019/07/01 16:10:37 [ [x] Sent  {"time":"2019-07-01T08:10:37.261Z","text":"Hello world!","clientId":"asdfp8734rew"}]
[INFO][rabbitmq.go:99]2019/07/01 16:10:37 [rabbitmq:Received a message:  {"time":"2019-07-01T08:10:37.261Z","text":"Hello world!","clientId":"asdfp8734rew"}]
[INFO][ws.go:78]2019/07/01 16:10:37 [0xc0001a15f0]
[INFO][ws.go:79]2019/07/01 16:10:37 []
[INFO][rabbitmq.go:57]2019/07/01 16:10:38 [ [x] Sent  {"time":"2019-07-01T08:10:38.262Z","text":"Hello world!","clientId":"asdfp8734rew"}]
[INFO][rabbitmq.go:99]2019/07/01 16:10:38 [rabbitmq:Received a message:  {"time":"2019-07-01T08:10:38.262Z","text":"Hello world!","clientId":"asdfp8734rew"}]
[INFO][ws.go:78]2019/07/01 16:10:38 [0xc0001a18f0]
[INFO][ws.go:79]2019/07/01 16:10:38 []
[INFO][rabbitmq.go:57]2019/07/01 16:10:39 [ [x] Sent  {"time":"2019-07-01T08:10:39.261Z","text":"Hello world!","clientId":"asdfp8734rew"}]
[INFO][rabbitmq.go:99]2019/07/01 16:10:39 [rabbitmq:Received a message:  {"time":"2019-07-01T08:10:39.261Z","text":"Hello world!","clientId":"asdfp8734rew"}]
[INFO][ws.go:78]2019/07/01 16:10:39 [0xc0001a1950]
[INFO][ws.go:79]2019/07/01 16:10:39 []
[INFO][rabbitmq.go:57]2019/07/01 16:10:40 [ [x] Sent  {"time":"2019-07-01T08:10:40.262Z","text":"Hello world!","clientId":"asdfp8734rew"}]
[INFO][rabbitmq.go:99]2019/07/01 16:10:40 [rabbitmq:Received a message:  {"time":"2019-07-01T08:10:40.262Z","text":"Hello world!","clientId":"asdfp8734rew"}]
[INFO][ws.go:78]2019/07/01 16:10:40 [0xc00019bc80]
[INFO][ws.go:79]2019/07/01 16:10:40 []
[INFO][rabbitmq.go:57]2019/07/01 16:10:41 [ [x] Sent  {"time":"2019-07-01T08:10:41.262Z","text":"Hello world!","clientId":"asdfp8734rew"}]
[INFO][rabbitmq.go:99]2019/07/01 16:10:41 [rabbitmq:Received a message:  {"time":"2019-07-01T08:10:41.262Z","text":"Hello world!","clientId":"asdfp8734rew"}]
[INFO][ws.go:78]2019/07/01 16:10:41 [0xc00019bf80]
[INFO][ws.go:79]2019/07/01 16:10:41 []
[INFO][rabbitmq.go:57]2019/07/01 16:10:42 [ [x] Sent  {"time":"2019-07-01T08:10:42.261Z","text":"Hello world!","clientId":"asdfp8734rew"}]
[INFO][rabbitmq.go:99]2019/07/01 16:10:42 [rabbitmq:Received a message:  {"time":"2019-07-01T08:10:42.261Z","text":"Hello world!","clientId":"asdfp8734rew"}]
[INFO][ws.go:78]2019/07/01 16:10:42 [0xc0001a1a40]
[INFO][ws.go:79]2019/07/01 16:10:42 []
[INFO][rabbitmq.go:57]2019/07/01 16:10:43 [ [x] Sent  {"time":"2019-07-01T08:10:43.263Z","text":"Hello world!","clientId":"asdfp8734rew"}]
[INFO][rabbitmq.go:99]2019/07/01 16:10:43 [rabbitmq:Received a message:  {"time":"2019-07-01T08:10:43.263Z","text":"Hello world!","clientId":"asdfp8734rew"}]
[INFO][ws.go:78]2019/07/01 16:10:43 [0xc0001a1aa0]
[INFO][ws.go:79]2019/07/01 16:10:43 []
[INFO][rabbitmq.go:57]2019/07/01 16:10:44 [ [x] Sent  {"time":"2019-07-01T08:10:44.261Z","text":"Hello world!","clientId":"asdfp8734rew"}]
[INFO][rabbitmq.go:99]2019/07/01 16:10:44 [rabbitmq:Received a message:  {"time":"2019-07-01T08:10:44.261Z","text":"Hello world!","clientId":"asdfp8734rew"}]
[INFO][ws.go:78]2019/07/01 16:10:44 [0xc000232570]
[INFO][ws.go:79]2019/07/01 16:10:44 []
[INFO][rabbitmq.go:57]2019/07/01 16:10:45 [ [x] Sent  {"time":"2019-07-01T08:10:45.263Z","text":"Hello world!","clientId":"asdfp8734rew"}]
[INFO][rabbitmq.go:99]2019/07/01 16:10:45 [rabbitmq:Received a message:  {"time":"2019-07-01T08:10:45.263Z","text":"Hello world!","clientId":"asdfp8734rew"}]
[INFO][ws.go:78]2019/07/01 16:10:45 [0xc0002325d0]
[INFO][ws.go:79]2019/07/01 16:10:45 []
[INFO][rabbitmq.go:57]2019/07/01 16:10:46 [ [x] Sent  {"time":"2019-07-01T08:10:46.261Z","text":"Hello world!","clientId":"asdfp8734rew"}]
[INFO][rabbitmq.go:99]2019/07/01 16:10:46 [rabbitmq:Received a message:  {"time":"2019-07-01T08:10:46.261Z","text":"Hello world!","clientId":"asdfp8734rew"}]
[INFO][ws.go:78]2019/07/01 16:10:46 [0xc000442060]
[INFO][ws.go:79]2019/07/01 16:10:46 []
[INFO][rabbitmq.go:57]2019/07/01 16:10:47 [ [x] Sent  {"time":"2019-07-01T08:10:47.263Z","text":"Hello world!","clientId":"asdfp8734rew"}]
[INFO][rabbitmq.go:99]2019/07/01 16:10:47 [rabbitmq:Received a message:  {"time":"2019-07-01T08:10:47.263Z","text":"Hello world!","clientId":"asdfp8734rew"}]
[INFO][ws.go:78]2019/07/01 16:10:47 [0xc0003c65a0]
[INFO][ws.go:79]2019/07/01 16:10:47 []
[INFO][rabbitmq.go:57]2019/07/01 16:10:48 [ [x] Sent  {"time":"2019-07-01T08:10:48.262Z","text":"Hello world!","clientId":"asdfp8734rew"}]
[INFO][rabbitmq.go:99]2019/07/01 16:10:48 [rabbitmq:Received a message:  {"time":"2019-07-01T08:10:48.262Z","text":"Hello world!","clientId":"asdfp8734rew"}]
[INFO][ws.go:78]2019/07/01 16:10:48 [0xc000442540]
[INFO][ws.go:79]2019/07/01 16:10:48 []
[INFO][rabbitmq.go:57]2019/07/01 16:10:49 [ [x] Sent  {"time":"2019-07-01T08:10:49.261Z","text":"Hello world!","clientId":"asdfp8734rew"}]
[INFO][rabbitmq.go:99]2019/07/01 16:10:49 [rabbitmq:Received a message:  {"time":"2019-07-01T08:10:49.261Z","text":"Hello world!","clientId":"asdfp8734rew"}]
[INFO][ws.go:78]2019/07/01 16:10:49 [0xc000232b10]
[INFO][ws.go:79]2019/07/01 16:10:49 []
[INFO][rabbitmq.go:57]2019/07/01 16:10:50 [ [x] Sent  {"time":"2019-07-01T08:10:50.263Z","text":"Hello world!","clientId":"asdfp8734rew"}]
[INFO][rabbitmq.go:99]2019/07/01 16:10:50 [rabbitmq:Received a message:  {"time":"2019-07-01T08:10:50.263Z","text":"Hello world!","clientId":"asdfp8734rew"}]
[INFO][ws.go:78]2019/07/01 16:10:50 [0xc000232e40]
[INFO][ws.go:79]2019/07/01 16:10:50 []
[INFO][rabbitmq.go:57]2019/07/01 16:10:51 [ [x] Sent  {"time":"2019-07-01T08:10:51.262Z","text":"Hello world!","clientId":"asdfp8734rew"}]
[INFO][rabbitmq.go:99]2019/07/01 16:10:51 [rabbitmq:Received a message:  {"time":"2019-07-01T08:10:51.262Z","text":"Hello world!","clientId":"asdfp8734rew"}]
[INFO][ws.go:78]2019/07/01 16:10:51 [0xc0003c6960]
[INFO][ws.go:79]2019/07/01 16:10:51 []
[INFO][rabbitmq.go:57]2019/07/01 16:10:52 [ [x] Sent  {"time":"2019-07-01T08:10:52.263Z","text":"Hello world!","clientId":"asdfp8734rew"}]
[INFO][rabbitmq.go:99]2019/07/01 16:10:52 [rabbitmq:Received a message:  {"time":"2019-07-01T08:10:52.263Z","text":"Hello world!","clientId":"asdfp8734rew"}]
[INFO][ws.go:78]2019/07/01 16:10:52 [0xc00017fb30]
[INFO][ws.go:79]2019/07/01 16:10:52 []
[INFO][rabbitmq.go:57]2019/07/01 16:10:53 [ [x] Sent  {"time":"2019-07-01T08:10:53.261Z","text":"Hello world!","clientId":"asdfp8734rew"}]
[INFO][rabbitmq.go:99]2019/07/01 16:10:53 [rabbitmq:Received a message:  {"time":"2019-07-01T08:10:53.261Z","text":"Hello world!","clientId":"asdfp8734rew"}]
[INFO][ws.go:78]2019/07/01 16:10:53 [0xc000233020]
[INFO][ws.go:79]2019/07/01 16:10:53 []
[INFO][rabbitmq.go:57]2019/07/01 16:10:54 [ [x] Sent  {"time":"2019-07-01T08:10:54.263Z","text":"Hello world!","clientId":"asdfp8734rew"}]
[INFO][rabbitmq.go:99]2019/07/01 16:10:54 [rabbitmq:Received a message:  {"time":"2019-07-01T08:10:54.263Z","text":"Hello world!","clientId":"asdfp8734rew"}]
[INFO][ws.go:78]2019/07/01 16:10:54 [0xc000442c30]
[INFO][ws.go:79]2019/07/01 16:10:54 []
[INFO][rabbitmq.go:57]2019/07/01 16:10:55 [ [x] Sent  {"time":"2019-07-01T08:10:55.263Z","text":"Hello world!","clientId":"asdfp8734rew"}]
[INFO][rabbitmq.go:99]2019/07/01 16:10:55 [rabbitmq:Received a message:  {"time":"2019-07-01T08:10:55.263Z","text":"Hello world!","clientId":"asdfp8734rew"}]
[INFO][ws.go:78]2019/07/01 16:10:55 [0xc000442d20]
[INFO][ws.go:79]2019/07/01 16:10:55 []
[INFO][rabbitmq.go:57]2019/07/01 16:10:56 [ [x] Sent  {"time":"2019-07-01T08:10:56.262Z","text":"Hello world!","clientId":"asdfp8734rew"}]
[INFO][rabbitmq.go:99]2019/07/01 16:10:56 [rabbitmq:Received a message:  {"time":"2019-07-01T08:10:56.262Z","text":"Hello world!","clientId":"asdfp8734rew"}]
[INFO][ws.go:78]2019/07/01 16:10:56 [0xc000442d80]
[INFO][ws.go:79]2019/07/01 16:10:56 []
[INFO][rabbitmq.go:57]2019/07/01 16:10:57 [ [x] Sent  {"time":"2019-07-01T08:10:57.263Z","text":"Hello world!","clientId":"asdfp8734rew"}]
[INFO][rabbitmq.go:99]2019/07/01 16:10:57 [rabbitmq:Received a message:  {"time":"2019-07-01T08:10:57.263Z","text":"Hello world!","clientId":"asdfp8734rew"}]
[INFO][ws.go:78]2019/07/01 16:10:57 [0xc0003c71d0]
[INFO][ws.go:79]2019/07/01 16:10:57 []
[INFO][rabbitmq.go:57]2019/07/01 16:10:58 [ [x] Sent  {"time":"2019-07-01T08:10:58.261Z","text":"Hello world!","clientId":"asdfp8734rew"}]
[INFO][rabbitmq.go:99]2019/07/01 16:10:58 [rabbitmq:Received a message:  {"time":"2019-07-01T08:10:58.261Z","text":"Hello world!","clientId":"asdfp8734rew"}]
[INFO][ws.go:78]2019/07/01 16:10:58 [0xc000474420]
[INFO][ws.go:79]2019/07/01 16:10:58 []
[INFO][rabbitmq.go:57]2019/07/01 16:10:59 [ [x] Sent  {"time":"2019-07-01T08:10:59.262Z","text":"Hello world!","clientId":"asdfp8734rew"}]
[INFO][rabbitmq.go:99]2019/07/01 16:10:59 [rabbitmq:Received a message:  {"time":"2019-07-01T08:10:59.262Z","text":"Hello world!","clientId":"asdfp8734rew"}]
[INFO][ws.go:78]2019/07/01 16:10:59 [0xc0003c75c0]
[INFO][ws.go:79]2019/07/01 16:10:59 []
[INFO][rabbitmq.go:57]2019/07/01 16:11:00 [ [x] Sent  {"time":"2019-07-01T08:11:00.261Z","text":"Hello world!","clientId":"asdfp8734rew"}]
[INFO][rabbitmq.go:99]2019/07/01 16:11:00 [rabbitmq:Received a message:  {"time":"2019-07-01T08:11:00.261Z","text":"Hello world!","clientId":"asdfp8734rew"}]
[INFO][ws.go:78]2019/07/01 16:11:00 [0xc000442e40]
[INFO][ws.go:79]2019/07/01 16:11:00 []
[INFO][rabbitmq.go:57]2019/07/01 16:11:01 [ [x] Sent  {"time":"2019-07-01T08:11:01.262Z","text":"Hello world!","clientId":"asdfp8734rew"}]
[INFO][rabbitmq.go:99]2019/07/01 16:11:01 [rabbitmq:Received a message:  {"time":"2019-07-01T08:11:01.262Z","text":"Hello world!","clientId":"asdfp8734rew"}]
[INFO][ws.go:78]2019/07/01 16:11:01 [0xc000474a50]
[INFO][ws.go:79]2019/07/01 16:11:01 []
[INFO][rabbitmq.go:57]2019/07/01 16:11:02 [ [x] Sent  {"time":"2019-07-01T08:11:02.263Z","text":"Hello world!","clientId":"asdfp8734rew"}]
[INFO][rabbitmq.go:99]2019/07/01 16:11:02 [rabbitmq:Received a message:  {"time":"2019-07-01T08:11:02.263Z","text":"Hello world!","clientId":"asdfp8734rew"}]
[INFO][ws.go:78]2019/07/01 16:11:02 [0xc000233170]
[INFO][ws.go:79]2019/07/01 16:11:02 []
[INFO][rabbitmq.go:57]2019/07/01 16:11:03 [ [x] Sent  {"time":"2019-07-01T08:11:03.262Z","text":"Hello world!","clientId":"asdfp8734rew"}]
[INFO][rabbitmq.go:99]2019/07/01 16:11:03 [rabbitmq:Received a message:  {"time":"2019-07-01T08:11:03.262Z","text":"Hello world!","clientId":"asdfp8734rew"}]
[INFO][ws.go:78]2019/07/01 16:11:03 [0xc000233470]
[INFO][ws.go:79]2019/07/01 16:11:03 []
[INFO][rabbitmq.go:57]2019/07/01 16:11:04 [ [x] Sent  {"time":"2019-07-01T08:11:04.263Z","text":"Hello world!","clientId":"asdfp8734rew"}]
[INFO][rabbitmq.go:99]2019/07/01 16:11:04 [rabbitmq:Received a message:  {"time":"2019-07-01T08:11:04.263Z","text":"Hello world!","clientId":"asdfp8734rew"}]
[INFO][ws.go:78]2019/07/01 16:11:04 [0xc000233770]
[INFO][ws.go:79]2019/07/01 16:11:04 []
[INFO][rabbitmq.go:57]2019/07/01 16:11:05 [ [x] Sent  {"time":"2019-07-01T08:11:05.261Z","text":"Hello world!","clientId":"asdfp8734rew"}]
[INFO][rabbitmq.go:99]2019/07/01 16:11:05 [rabbitmq:Received a message:  {"time":"2019-07-01T08:11:05.261Z","text":"Hello world!","clientId":"asdfp8734rew"}]
[INFO][ws.go:78]2019/07/01 16:11:05 [0xc000474fc0]
[INFO][ws.go:79]2019/07/01 16:11:05 []
[INFO][rabbitmq.go:57]2019/07/01 16:11:06 [ [x] Sent  {"time":"2019-07-01T08:11:06.262Z","text":"Hello world!","clientId":"asdfp8734rew"}]
[INFO][rabbitmq.go:99]2019/07/01 16:11:06 [rabbitmq:Received a message:  {"time":"2019-07-01T08:11:06.262Z","text":"Hello world!","clientId":"asdfp8734rew"}]
[INFO][ws.go:78]2019/07/01 16:11:06 [0xc0003c79e0]
[INFO][ws.go:79]2019/07/01 16:11:06 []
[INFO][rabbitmq.go:57]2019/07/01 16:11:07 [ [x] Sent  {"time":"2019-07-01T08:11:07.261Z","text":"Hello world!","clientId":"asdfp8734rew"}]
[INFO][rabbitmq.go:99]2019/07/01 16:11:07 [rabbitmq:Received a message:  {"time":"2019-07-01T08:11:07.261Z","text":"Hello world!","clientId":"asdfp8734rew"}]
[INFO][ws.go:78]2019/07/01 16:11:07 [0xc0003c7d40]
[INFO][ws.go:79]2019/07/01 16:11:07 []
[INFO][rabbitmq.go:57]2019/07/01 16:11:08 [ [x] Sent  {"time":"2019-07-01T08:11:08.261Z","text":"Hello world!","clientId":"asdfp8734rew"}]
[INFO][rabbitmq.go:99]2019/07/01 16:11:08 [rabbitmq:Received a message:  {"time":"2019-07-01T08:11:08.261Z","text":"Hello world!","clientId":"asdfp8734rew"}]
[INFO][ws.go:78]2019/07/01 16:11:08 [0xc00007c0c0]
[INFO][ws.go:79]2019/07/01 16:11:08 []
[INFO][rabbitmq.go:57]2019/07/01 16:11:09 [ [x] Sent  {"time":"2019-07-01T08:11:09.262Z","text":"Hello world!","clientId":"asdfp8734rew"}]
[INFO][rabbitmq.go:99]2019/07/01 16:11:09 [rabbitmq:Received a message:  {"time":"2019-07-01T08:11:09.262Z","text":"Hello world!","clientId":"asdfp8734rew"}]
[INFO][ws.go:78]2019/07/01 16:11:09 [0xc000442f00]
[INFO][ws.go:79]2019/07/01 16:11:09 []
[INFO][rabbitmq.go:57]2019/07/01 16:11:10 [ [x] Sent  {"time":"2019-07-01T08:11:10.261Z","text":"Hello world!","clientId":"asdfp8734rew"}]
[INFO][rabbitmq.go:99]2019/07/01 16:11:10 [rabbitmq:Received a message:  {"time":"2019-07-01T08:11:10.261Z","text":"Hello world!","clientId":"asdfp8734rew"}]
[INFO][ws.go:78]2019/07/01 16:11:10 [0xc000443020]
[INFO][ws.go:79]2019/07/01 16:11:10 []
[INFO][rabbitmq.go:57]2019/07/01 16:11:11 [ [x] Sent  {"time":"2019-07-01T08:11:11.261Z","text":"Hello world!","clientId":"asdfp8734rew"}]
[INFO][rabbitmq.go:99]2019/07/01 16:11:11 [rabbitmq:Received a message:  {"time":"2019-07-01T08:11:11.261Z","text":"Hello world!","clientId":"asdfp8734rew"}]
[INFO][ws.go:78]2019/07/01 16:11:11 [0xc0004432f0]
[INFO][ws.go:79]2019/07/01 16:11:11 []
[INFO][rabbitmq.go:57]2019/07/01 16:11:12 [ [x] Sent  {"time":"2019-07-01T08:11:12.261Z","text":"Hello world!","clientId":"asdfp8734rew"}]
[INFO][rabbitmq.go:99]2019/07/01 16:11:12 [rabbitmq:Received a message:  {"time":"2019-07-01T08:11:12.261Z","text":"Hello world!","clientId":"asdfp8734rew"}]
[INFO][ws.go:78]2019/07/01 16:11:12 [0xc000475050]
[INFO][ws.go:79]2019/07/01 16:11:12 []
[INFO][rabbitmq.go:57]2019/07/01 16:11:13 [ [x] Sent  {"time":"2019-07-01T08:11:13.261Z","text":"Hello world!","clientId":"asdfp8734rew"}]
[INFO][rabbitmq.go:99]2019/07/01 16:11:13 [rabbitmq:Received a message:  {"time":"2019-07-01T08:11:13.261Z","text":"Hello world!","clientId":"asdfp8734rew"}]
[INFO][ws.go:78]2019/07/01 16:11:13 [0xc00007c960]
[INFO][ws.go:79]2019/07/01 16:11:13 []
[INFO][rabbitmq.go:57]2019/07/01 16:11:14 [ [x] Sent  {"time":"2019-07-01T08:11:14.261Z","text":"Hello world!","clientId":"asdfp8734rew"}]
[INFO][rabbitmq.go:99]2019/07/01 16:11:14 [rabbitmq:Received a message:  {"time":"2019-07-01T08:11:14.261Z","text":"Hello world!","clientId":"asdfp8734rew"}]
[INFO][ws.go:78]2019/07/01 16:11:14 [0xc0004750b0]
[INFO][ws.go:79]2019/07/01 16:11:14 []
[INFO][rabbitmq.go:57]2019/07/01 16:11:15 [ [x] Sent  {"time":"2019-07-01T08:11:15.261Z","text":"Hello world!","clientId":"asdfp8734rew"}]
[INFO][rabbitmq.go:99]2019/07/01 16:11:15 [rabbitmq:Received a message:  {"time":"2019-07-01T08:11:15.261Z","text":"Hello world!","clientId":"asdfp8734rew"}]
[INFO][ws.go:78]2019/07/01 16:11:15 [0xc000475140]
[INFO][ws.go:79]2019/07/01 16:11:15 []
[INFO][rabbitmq.go:57]2019/07/01 16:11:16 [ [x] Sent  {"time":"2019-07-01T08:11:16.262Z","text":"Hello world!","clientId":"asdfp8734rew"}]
[INFO][rabbitmq.go:99]2019/07/01 16:11:16 [rabbitmq:Received a message:  {"time":"2019-07-01T08:11:16.262Z","text":"Hello world!","clientId":"asdfp8734rew"}]
[INFO][ws.go:78]2019/07/01 16:11:16 [0xc0004751a0]
[INFO][ws.go:79]2019/07/01 16:11:16 []
[INFO][rabbitmq.go:57]2019/07/01 16:11:17 [ [x] Sent  {"time":"2019-07-01T08:11:17.261Z","text":"Hello world!","clientId":"asdfp8734rew"}]
[INFO][rabbitmq.go:99]2019/07/01 16:11:17 [rabbitmq:Received a message:  {"time":"2019-07-01T08:11:17.261Z","text":"Hello world!","clientId":"asdfp8734rew"}]
[INFO][ws.go:78]2019/07/01 16:11:17 [0xc00007cf60]
[INFO][ws.go:79]2019/07/01 16:11:17 []
[INFO][rabbitmq.go:57]2019/07/01 16:11:18 [ [x] Sent  {"time":"2019-07-01T08:11:18.262Z","text":"Hello world!","clientId":"asdfp8734rew"}]
[INFO][rabbitmq.go:99]2019/07/01 16:11:18 [rabbitmq:Received a message:  {"time":"2019-07-01T08:11:18.262Z","text":"Hello world!","clientId":"asdfp8734rew"}]
[INFO][ws.go:78]2019/07/01 16:11:18 [0xc00007d260]
[INFO][ws.go:79]2019/07/01 16:11:18 []
[INFO][rabbitmq.go:57]2019/07/01 16:11:19 [ [x] Sent  {"time":"2019-07-01T08:11:19.261Z","text":"Hello world!","clientId":"asdfp8734rew"}]
[INFO][rabbitmq.go:99]2019/07/01 16:11:19 [rabbitmq:Received a message:  {"time":"2019-07-01T08:11:19.261Z","text":"Hello world!","clientId":"asdfp8734rew"}]
[INFO][ws.go:78]2019/07/01 16:11:19 [0xc0004757a0]
[INFO][ws.go:79]2019/07/01 16:11:19 []
[INFO][rabbitmq.go:57]2019/07/01 16:11:20 [ [x] Sent  {"time":"2019-07-01T08:11:20.262Z","text":"Hello world!","clientId":"asdfp8734rew"}]
[INFO][rabbitmq.go:99]2019/07/01 16:11:20 [rabbitmq:Received a message:  {"time":"2019-07-01T08:11:20.262Z","text":"Hello world!","clientId":"asdfp8734rew"}]
[INFO][ws.go:78]2019/07/01 16:11:20 [0xc00013e630]
[INFO][ws.go:79]2019/07/01 16:11:20 []
[INFO][rabbitmq.go:57]2019/07/01 16:11:21 [ [x] Sent  {"time":"2019-07-01T08:11:21.261Z","text":"Hello world!","clientId":"asdfp8734rew"}]
[INFO][rabbitmq.go:99]2019/07/01 16:11:21 [rabbitmq:Received a message:  {"time":"2019-07-01T08:11:21.261Z","text":"Hello world!","clientId":"asdfp8734rew"}]
[INFO][ws.go:78]2019/07/01 16:11:21 [0xc000475d10]
[INFO][ws.go:79]2019/07/01 16:11:21 []
[INFO][rabbitmq.go:57]2019/07/01 16:11:22 [ [x] Sent  {"time":"2019-07-01T08:11:22.261Z","text":"Hello world!","clientId":"asdfp8734rew"}]
[INFO][rabbitmq.go:99]2019/07/01 16:11:22 [rabbitmq:Received a message:  {"time":"2019-07-01T08:11:22.261Z","text":"Hello world!","clientId":"asdfp8734rew"}]
[INFO][ws.go:78]2019/07/01 16:11:22 [0xc00013e690]
[INFO][ws.go:79]2019/07/01 16:11:22 []
[INFO][rabbitmq.go:57]2019/07/01 16:11:23 [ [x] Sent  {"time":"2019-07-01T08:11:23.263Z","text":"Hello world!","clientId":"asdfp8734rew"}]
[INFO][rabbitmq.go:99]2019/07/01 16:11:23 [rabbitmq:Received a message:  {"time":"2019-07-01T08:11:23.263Z","text":"Hello world!","clientId":"asdfp8734rew"}]
[INFO][ws.go:78]2019/07/01 16:11:23 [0xc00013e9f0]
[INFO][ws.go:79]2019/07/01 16:11:23 []
[INFO][rabbitmq.go:57]2019/07/01 16:11:24 [ [x] Sent  {"time":"2019-07-01T08:11:24.261Z","text":"Hello world!","clientId":"asdfp8734rew"}]
[INFO][rabbitmq.go:99]2019/07/01 16:11:24 [rabbitmq:Received a message:  {"time":"2019-07-01T08:11:24.261Z","text":"Hello world!","clientId":"asdfp8734rew"}]
[INFO][ws.go:78]2019/07/01 16:11:24 [0xc00013ea50]
[INFO][ws.go:79]2019/07/01 16:11:24 []
[INFO][rabbitmq.go:57]2019/07/01 16:11:25 [ [x] Sent  {"time":"2019-07-01T08:11:25.261Z","text":"Hello world!","clientId":"asdfp8734rew"}]
[INFO][rabbitmq.go:99]2019/07/01 16:11:25 [rabbitmq:Received a message:  {"time":"2019-07-01T08:11:25.261Z","text":"Hello world!","clientId":"asdfp8734rew"}]
[INFO][ws.go:78]2019/07/01 16:11:25 [0xc00007d320]
[INFO][ws.go:79]2019/07/01 16:11:25 []
[INFO][rabbitmq.go:57]2019/07/01 16:11:26 [ [x] Sent  {"time":"2019-07-01T08:11:26.261Z","text":"Hello world!","clientId":"asdfp8734rew"}]
[INFO][rabbitmq.go:99]2019/07/01 16:11:26 [rabbitmq:Received a message:  {"time":"2019-07-01T08:11:26.261Z","text":"Hello world!","clientId":"asdfp8734rew"}]
[INFO][ws.go:78]2019/07/01 16:11:26 [0xc00013f080]
[INFO][ws.go:79]2019/07/01 16:11:26 []
[INFO][rabbitmq.go:57]2019/07/01 16:11:27 [ [x] Sent  {"time":"2019-07-01T08:11:27.261Z","text":"Hello world!","clientId":"asdfp8734rew"}]
[INFO][rabbitmq.go:99]2019/07/01 16:11:27 [rabbitmq:Received a message:  {"time":"2019-07-01T08:11:27.261Z","text":"Hello world!","clientId":"asdfp8734rew"}]
[INFO][ws.go:78]2019/07/01 16:11:27 [0xc00007d470]
[INFO][ws.go:79]2019/07/01 16:11:27 []
[INFO][rabbitmq.go:57]2019/07/01 16:11:28 [ [x] Sent  {"time":"2019-07-01T08:11:28.263Z","text":"Hello world!","clientId":"asdfp8734rew"}]
[INFO][rabbitmq.go:99]2019/07/01 16:11:28 [rabbitmq:Received a message:  {"time":"2019-07-01T08:11:28.263Z","text":"Hello world!","clientId":"asdfp8734rew"}]
[INFO][ws.go:78]2019/07/01 16:11:28 [0xc00007d4d0]
[INFO][ws.go:79]2019/07/01 16:11:28 []
[INFO][rabbitmq.go:57]2019/07/01 16:11:29 [ [x] Sent  {"time":"2019-07-01T08:11:29.261Z","text":"Hello world!","clientId":"asdfp8734rew"}]
[INFO][rabbitmq.go:99]2019/07/01 16:11:29 [rabbitmq:Received a message:  {"time":"2019-07-01T08:11:29.261Z","text":"Hello world!","clientId":"asdfp8734rew"}]
[INFO][ws.go:78]2019/07/01 16:11:29 [0xc000443b60]
[INFO][ws.go:79]2019/07/01 16:11:29 []
[INFO][rabbitmq.go:57]2019/07/01 16:11:30 [ [x] Sent  {"time":"2019-07-01T08:11:30.262Z","text":"Hello world!","clientId":"asdfp8734rew"}]
[INFO][rabbitmq.go:99]2019/07/01 16:11:30 [rabbitmq:Received a message:  {"time":"2019-07-01T08:11:30.262Z","text":"Hello world!","clientId":"asdfp8734rew"}]
[INFO][ws.go:78]2019/07/01 16:11:30 [0xc000443bc0]
[INFO][ws.go:79]2019/07/01 16:11:30 []
[INFO][rabbitmq.go:57]2019/07/01 16:11:31 [ [x] Sent  {"time":"2019-07-01T08:11:31.261Z","text":"Hello world!","clientId":"asdfp8734rew"}]
[INFO][rabbitmq.go:99]2019/07/01 16:11:31 [rabbitmq:Received a message:  {"time":"2019-07-01T08:11:31.261Z","text":"Hello world!","clientId":"asdfp8734rew"}]
[INFO][ws.go:78]2019/07/01 16:11:31 [0xc0003222d0]
[INFO][ws.go:79]2019/07/01 16:11:31 []
[INFO][rabbitmq.go:57]2019/07/01 16:11:32 [ [x] Sent  {"time":"2019-07-01T08:11:32.261Z","text":"Hello world!","clientId":"asdfp8734rew"}]
[INFO][rabbitmq.go:99]2019/07/01 16:11:32 [rabbitmq:Received a message:  {"time":"2019-07-01T08:11:32.261Z","text":"Hello world!","clientId":"asdfp8734rew"}]
[INFO][ws.go:78]2019/07/01 16:11:32 [0xc000443d40]
[INFO][ws.go:79]2019/07/01 16:11:32 []
[INFO][rabbitmq.go:57]2019/07/01 16:11:33 [ [x] Sent  {"time":"2019-07-01T08:11:33.261Z","text":"Hello world!","clientId":"asdfp8734rew"}]
[INFO][rabbitmq.go:99]2019/07/01 16:11:33 [rabbitmq:Received a message:  {"time":"2019-07-01T08:11:33.261Z","text":"Hello world!","clientId":"asdfp8734rew"}]
[INFO][ws.go:78]2019/07/01 16:11:33 [0xc00013f710]
[INFO][ws.go:79]2019/07/01 16:11:33 []
[INFO][rabbitmq.go:57]2019/07/01 16:11:34 [ [x] Sent  {"time":"2019-07-01T08:11:34.261Z","text":"Hello world!","clientId":"asdfp8734rew"}]
[INFO][rabbitmq.go:99]2019/07/01 16:11:34 [rabbitmq:Received a message:  {"time":"2019-07-01T08:11:34.261Z","text":"Hello world!","clientId":"asdfp8734rew"}]
[INFO][ws.go:78]2019/07/01 16:11:34 [0xc0003225d0]
[INFO][ws.go:79]2019/07/01 16:11:34 []
[INFO][rabbitmq.go:57]2019/07/01 16:11:35 [ [x] Sent  {"time":"2019-07-01T08:11:35.262Z","text":"Hello world!","clientId":"asdfp8734rew"}]
[INFO][rabbitmq.go:99]2019/07/01 16:11:35 [rabbitmq:Received a message:  {"time":"2019-07-01T08:11:35.262Z","text":"Hello world!","clientId":"asdfp8734rew"}]
[INFO][ws.go:78]2019/07/01 16:11:35 [0xc000322630]
[INFO][ws.go:79]2019/07/01 16:11:35 []
[INFO][rabbitmq.go:57]2019/07/01 16:11:36 [ [x] Sent  {"time":"2019-07-01T08:11:36.261Z","text":"Hello world!","clientId":"asdfp8734rew"}]
[INFO][rabbitmq.go:99]2019/07/01 16:11:36 [rabbitmq:Received a message:  {"time":"2019-07-01T08:11:36.261Z","text":"Hello world!","clientId":"asdfp8734rew"}]
[INFO][ws.go:78]2019/07/01 16:11:36 [0xc00013fd70]
[INFO][ws.go:79]2019/07/01 16:11:36 []
[INFO][rabbitmq.go:57]2019/07/01 16:11:37 [ [x] Sent  {"time":"2019-07-01T08:11:37.262Z","text":"Hello world!","clientId":"asdfp8734rew"}]
[INFO][rabbitmq.go:99]2019/07/01 16:11:37 [rabbitmq:Received a message:  {"time":"2019-07-01T08:11:37.262Z","text":"Hello world!","clientId":"asdfp8734rew"}]
[INFO][ws.go:78]2019/07/01 16:11:37 [0xc0003229c0]
[INFO][ws.go:79]2019/07/01 16:11:37 []
[INFO][rabbitmq.go:57]2019/07/01 16:11:38 [ [x] Sent  {"time":"2019-07-01T08:11:38.261Z","text":"Hello world!","clientId":"asdfp8734rew"}]
[INFO][rabbitmq.go:99]2019/07/01 16:11:38 [rabbitmq:Received a message:  {"time":"2019-07-01T08:11:38.261Z","text":"Hello world!","clientId":"asdfp8734rew"}]
[INFO][ws.go:78]2019/07/01 16:11:38 [0xc000296150]
[INFO][ws.go:79]2019/07/01 16:11:38 []
[INFO][rabbitmq.go:57]2019/07/01 16:11:39 [ [x] Sent  {"time":"2019-07-01T08:11:39.261Z","text":"Hello world!","clientId":"asdfp8734rew"}]
[INFO][rabbitmq.go:99]2019/07/01 16:11:39 [rabbitmq:Received a message:  {"time":"2019-07-01T08:11:39.261Z","text":"Hello world!","clientId":"asdfp8734rew"}]
[INFO][ws.go:78]2019/07/01 16:11:39 [0xc000322ab0]
[INFO][ws.go:79]2019/07/01 16:11:39 []
[INFO][rabbitmq.go:57]2019/07/01 16:11:40 [ [x] Sent  {"time":"2019-07-01T08:11:40.261Z","text":"Hello world!","clientId":"asdfp8734rew"}]
[INFO][rabbitmq.go:99]2019/07/01 16:11:40 [rabbitmq:Received a message:  {"time":"2019-07-01T08:11:40.261Z","text":"Hello world!","clientId":"asdfp8734rew"}]
[INFO][ws.go:78]2019/07/01 16:11:40 [0xc000322db0]
[INFO][ws.go:79]2019/07/01 16:11:40 []
[INFO][rabbitmq.go:57]2019/07/01 16:11:41 [ [x] Sent  {"time":"2019-07-01T08:11:41.263Z","text":"Hello world!","clientId":"asdfp8734rew"}]
[INFO][rabbitmq.go:99]2019/07/01 16:11:41 [rabbitmq:Received a message:  {"time":"2019-07-01T08:11:41.263Z","text":"Hello world!","clientId":"asdfp8734rew"}]
[INFO][ws.go:78]2019/07/01 16:11:41 [0xc000323080]
[INFO][ws.go:79]2019/07/01 16:11:41 []
[INFO][rabbitmq.go:57]2019/07/01 16:11:42 [ [x] Sent  {"time":"2019-07-01T08:11:42.262Z","text":"Hello world!","clientId":"asdfp8734rew"}]
[INFO][rabbitmq.go:99]2019/07/01 16:11:42 [rabbitmq:Received a message:  {"time":"2019-07-01T08:11:42.262Z","text":"Hello world!","clientId":"asdfp8734rew"}]
[INFO][ws.go:78]2019/07/01 16:11:42 [0xc0003230e0]
[INFO][ws.go:79]2019/07/01 16:11:42 []
[INFO][rabbitmq.go:57]2019/07/01 16:11:43 [ [x] Sent  {"time":"2019-07-01T08:11:43.261Z","text":"Hello world!","clientId":"asdfp8734rew"}]
[INFO][rabbitmq.go:99]2019/07/01 16:11:43 [rabbitmq:Received a message:  {"time":"2019-07-01T08:11:43.261Z","text":"Hello world!","clientId":"asdfp8734rew"}]
[INFO][ws.go:78]2019/07/01 16:11:43 [0xc0003233e0]
[INFO][ws.go:79]2019/07/01 16:11:43 []
[INFO][rabbitmq.go:57]2019/07/01 16:11:44 [ [x] Sent  {"time":"2019-07-01T08:11:44.262Z","text":"Hello world!","clientId":"asdfp8734rew"}]
[INFO][rabbitmq.go:99]2019/07/01 16:11:44 [rabbitmq:Received a message:  {"time":"2019-07-01T08:11:44.262Z","text":"Hello world!","clientId":"asdfp8734rew"}]
[INFO][ws.go:78]2019/07/01 16:11:44 [0xc000292660]
[INFO][ws.go:79]2019/07/01 16:11:44 []
[INFO][rabbitmq.go:57]2019/07/01 16:11:45 [ [x] Sent  {"time":"2019-07-01T08:11:45.261Z","text":"Hello world!","clientId":"asdfp8734rew"}]
[INFO][rabbitmq.go:99]2019/07/01 16:11:45 [rabbitmq:Received a message:  {"time":"2019-07-01T08:11:45.261Z","text":"Hello world!","clientId":"asdfp8734rew"}]
[INFO][ws.go:78]2019/07/01 16:11:45 [0xc00007dc20]
[INFO][ws.go:79]2019/07/01 16:11:45 []
[INFO][rabbitmq.go:57]2019/07/01 16:11:46 [ [x] Sent  {"time":"2019-07-01T08:11:46.262Z","text":"Hello world!","clientId":"asdfp8734rew"}]
[INFO][rabbitmq.go:99]2019/07/01 16:11:46 [rabbitmq:Received a message:  {"time":"2019-07-01T08:11:46.262Z","text":"Hello world!","clientId":"asdfp8734rew"}]
[INFO][ws.go:78]2019/07/01 16:11:46 [0xc000323980]
[INFO][ws.go:79]2019/07/01 16:11:46 []
[INFO][rabbitmq.go:57]2019/07/01 16:11:47 [ [x] Sent  {"time":"2019-07-01T08:11:47.261Z","text":"Hello world!","clientId":"asdfp8734rew"}]
[INFO][rabbitmq.go:99]2019/07/01 16:11:47 [rabbitmq:Received a message:  {"time":"2019-07-01T08:11:47.261Z","text":"Hello world!","clientId":"asdfp8734rew"}]
[INFO][ws.go:78]2019/07/01 16:11:47 [0xc000323c50]
[INFO][ws.go:79]2019/07/01 16:11:47 []
[INFO][rabbitmq.go:57]2019/07/01 16:11:48 [ [x] Sent  {"time":"2019-07-01T08:11:48.261Z","text":"Hello world!","clientId":"asdfp8734rew"}]
[INFO][rabbitmq.go:99]2019/07/01 16:11:48 [rabbitmq:Received a message:  {"time":"2019-07-01T08:11:48.261Z","text":"Hello world!","clientId":"asdfp8734rew"}]
[INFO][ws.go:78]2019/07/01 16:11:48 [0xc000323f50]
[INFO][ws.go:79]2019/07/01 16:11:48 []
[INFO][rabbitmq.go:57]2019/07/01 16:11:49 [ [x] Sent  {"time":"2019-07-01T08:11:49.262Z","text":"Hello world!","clientId":"asdfp8734rew"}]
[INFO][rabbitmq.go:99]2019/07/01 16:11:49 [rabbitmq:Received a message:  {"time":"2019-07-01T08:11:49.262Z","text":"Hello world!","clientId":"asdfp8734rew"}]
[INFO][ws.go:78]2019/07/01 16:11:49 [0xc000292cf0]
[INFO][ws.go:79]2019/07/01 16:11:49 []
[INFO][rabbitmq.go:57]2019/07/01 16:11:50 [ [x] Sent  {"time":"2019-07-01T08:11:50.261Z","text":"Hello world!","clientId":"asdfp8734rew"}]
[INFO][rabbitmq.go:99]2019/07/01 16:11:50 [rabbitmq:Received a message:  {"time":"2019-07-01T08:11:50.261Z","text":"Hello world!","clientId":"asdfp8734rew"}]
[INFO][ws.go:78]2019/07/01 16:11:50 [0xc0004c4390]
[INFO][ws.go:79]2019/07/01 16:11:50 []
[INFO][rabbitmq.go:57]2019/07/01 16:11:51 [ [x] Sent  {"time":"2019-07-01T08:11:51.262Z","text":"Hello world!","clientId":"asdfp8734rew"}]
[INFO][rabbitmq.go:99]2019/07/01 16:11:51 [rabbitmq:Received a message:  {"time":"2019-07-01T08:11:51.262Z","text":"Hello world!","clientId":"asdfp8734rew"}]
[INFO][ws.go:78]2019/07/01 16:11:51 [0xc0004c46c0]
[INFO][ws.go:79]2019/07/01 16:11:51 []
[INFO][rabbitmq.go:57]2019/07/01 16:11:52 [ [x] Sent  {"time":"2019-07-01T08:11:52.261Z","text":"Hello world!","clientId":"asdfp8734rew"}]
[INFO][rabbitmq.go:99]2019/07/01 16:11:52 [rabbitmq:Received a message:  {"time":"2019-07-01T08:11:52.261Z","text":"Hello world!","clientId":"asdfp8734rew"}]
[INFO][ws.go:78]2019/07/01 16:11:52 [0xc0004c49c0]
[INFO][ws.go:79]2019/07/01 16:11:52 []
[INFO][rabbitmq.go:57]2019/07/01 16:11:53 [ [x] Sent  {"time":"2019-07-01T08:11:53.261Z","text":"Hello world!","clientId":"asdfp8734rew"}]
[INFO][rabbitmq.go:99]2019/07/01 16:11:53 [rabbitmq:Received a message:  {"time":"2019-07-01T08:11:53.261Z","text":"Hello world!","clientId":"asdfp8734rew"}]
[INFO][ws.go:78]2019/07/01 16:11:53 [0xc00007de90]
[INFO][ws.go:79]2019/07/01 16:11:53 []
[INFO][rabbitmq.go:122]2019/07/01 16:19:47 [ rabbitmq:[*] Waiting for messages. ]
